<?xml version="1.0" encoding="utf-8"?><testsuites name="pytest tests"><testsuite name="pytest" errors="0" failures="0" skipped="0" tests="56" time="10.854" timestamp="2026-09-08T15:41:05.639639+08:00" hostname="feiwendeMacBook-Air.local"><testcase classname="tests.test_fixed_commit_continuation" name="test_structure_and_main_progress_never_authorizes" time="0.492" /><testcase classname="tests.test_fixed_commit_continuation" name="test_structure_escalation_rejected[execution_authorized-True]" time="0.164" /><testcase classname="tests.test_fixed_commit_continuation" name="test_structure_escalation_rejected[holdout_capability-True]" time="0.160" /><testcase classname="tests.test_fixed_commit_continuation" name="test_structure_escalation_rejected[state-approved]" time="0.161" /><testcase classname="tests.test_fixed_commit_continuation" name="test_structure_escalation_rejected[execution_commit-HEAD]" time="0.162" /><testcase classname="tests.test_fixed_commit_continuation" name="test_structure_escalation_rejected[executor-value4]" time="0.152" /><testcase classname="tests.test_fixed_commit_continuation" name="test_structure_escalation_rejected[approval-value5]" time="0.148" /><testcase classname="tests.test_fixed_commit_continuation" name="test_structure_escalation_rejected[run_id-second_run]" time="0.148" /><testcase classname="tests.test_fixed_commit_continuation" name="test_phase_scope_rejected[train]" time="0.150" /><testcase classname="tests.test_fixed_commit_continuation" name="test_phase_scope_rejected[dev_select]" time="0.153" /><testcase classname="tests.test_fixed_commit_continuation" name="test_phase_scope_rejected[checkpoint_freeze]" time="0.157" /><testcase classname="tests.test_fixed_commit_continuation" name="test_phase_scope_rejected[holdout]" time="0.154" /><testcase classname="tests.test_fixed_commit_continuation" name="test_phase_scope_rejected[second_run]" time="0.159" /><testcase classname="tests.test_fixed_commit_continuation" name="test_fixture_approval_only" time="0.160" /><testcase classname="tests.test_fixed_commit_continuation" name="test_invalid_approval[forged]" time="0.155" /><testcase classname="tests.test_fixed_commit_continuation" name="test_invalid_approval[expired]" time="0.157" /><testcase classname="tests.test_fixed_commit_continuation" name="test_invalid_approval[revoked]" time="0.162" /><testcase classname="tests.test_fixed_commit_continuation" name="test_invalid_approval[scope]" time="0.156" /><testcase classname="tests.test_fixed_commit_continuation" name="test_invalid_approval[cross_run]" time="0.156" /><testcase classname="tests.test_fixed_commit_continuation" name="test_invalid_approval[proposal_hash]" time="0.155" /><testcase classname="tests.test_fixed_commit_continuation" name="test_evidence_drift[protocol]" time="0.236" /><testcase classname="tests.test_fixed_commit_continuation" name="test_evidence_drift[bundle]" time="0.234" /><testcase classname="tests.test_fixed_commit_continuation" name="test_evidence_drift[environment]" time="0.245" /><testcase classname="tests.test_fixed_commit_continuation" name="test_evidence_drift[binding]" time="0.239" /><testcase classname="tests.test_fixed_commit_continuation" name="test_evidence_drift[context]" time="0.250" /><testcase classname="tests.test_fixed_commit_continuation" name="test_evidence_drift[command_matrix]" time="0.246" /><testcase classname="tests.test_fixed_commit_continuation" name="test_evidence_drift[candidate]" time="0.256" /><testcase classname="tests.test_fixed_commit_continuation" name="test_evidence_drift[selection]" time="0.238" /><testcase classname="tests.test_fixed_commit_continuation" name="test_evidence_drift[freeze]" time="0.239" /><testcase classname="tests.test_fixed_commit_continuation" name="test_evidence_drift[registry]" time="0.243" /><testcase classname="tests.test_fixed_commit_continuation" name="test_evidence_drift[checkpoint]" time="0.245" /><testcase classname="tests.test_fixed_commit_continuation" name="test_evidence_drift[resource]" time="0.242" /><testcase classname="tests.test_fixed_commit_continuation" name="test_evidence_drift[committed_output]" time="0.242" /><testcase classname="tests.test_fixed_commit_continuation" name="test_legal_tip_progress_and_no_approval_rejects" time="0.161" /><testcase classname="tests.test_fixed_commit_continuation" name="test_ledger_attacks[prefix]" time="0.162" /><testcase classname="tests.test_fixed_commit_continuation" name="test_ledger_attacks[truncate]" time="0.159" /><testcase classname="tests.test_fixed_commit_continuation" name="test_ledger_attacks[unapproved]" time="0.162" /><testcase classname="tests.test_fixed_commit_continuation" name="test_ledger_attacks[cross_run]" time="0.162" /><testcase classname="tests.test_fixed_commit_continuation" name="test_ledger_attacks[fork]" time="0.162" /><testcase classname="tests.test_fixed_commit_continuation" name="test_ledger_attacks[sequence]" time="0.163" /><testcase classname="tests.test_fixed_commit_continuation" name="test_ledger_attacks[failed]" time="0.161" /><testcase classname="tests.test_fixed_commit_continuation" name="test_ledger_attacks[skip]" time="0.163" /><testcase classname="tests.test_fixed_commit_continuation" name="test_ledger_attacks[committed_replacement]" time="0.164" /><testcase classname="tests.test_fixed_commit_continuation" name="test_committed_cell_replacement" time="0.162" /><testcase classname="tests.test_fixed_commit_continuation" name="test_strict_json[{&quot;a&quot;:1,&quot;a&quot;:2}]" time="0.000" /><testcase classname="tests.test_fixed_commit_continuation" name="test_strict_json[{&quot;a&quot;:NaN}]" time="0.000" /><testcase classname="tests.test_fixed_commit_continuation" name="test_strict_json[{&quot;a&quot;:Infinity}]" time="0.000" /><testcase classname="tests.test_fixed_commit_continuation" name="test_cli_rejects_before_any_child" time="0.170" /><testcase classname="tests.test_fixed_commit_continuation" name="test_cli_ignores_shadow_src[current_main]" time="0.232" /><testcase classname="tests.test_fixed_commit_continuation" name="test_cli_ignores_shadow_src[external]" time="0.238" /><testcase classname="tests.test_fixed_commit_continuation" name="test_public_gate_unchanged" time="0.014" /><testcase classname="tests.test_fixed_commit_continuation" name="test_schema_required_fields_match_validator" time="0.159" /><testcase classname="tests.test_fixed_commit_continuation" name="test_probe_rejects_preloaded_shadow[current_main]" time="0.005" /><testcase classname="tests.test_fixed_commit_continuation" name="test_probe_rejects_preloaded_shadow[external]" time="0.003" /><testcase classname="tests.test_fixed_commit_continuation" name="test_protected_inventory_and_committed_replacement" time="0.006" /><testcase classname="tests.test_fixed_commit_continuation" name="test_cli_missing_protected_inventory_cannot_skip_check" time="0.244" /></testsuite></testsuites>