<?xml version="1.0" encoding="utf-8"?><testsuites name="pytest tests"><testsuite name="pytest" errors="0" failures="0" skipped="0" tests="125" time="112.410" timestamp="2026-09-08T15:37:37.057830+08:00" hostname="feiwendeMacBook-Air.local"><testcase classname="tests.test_fixed_commit_continuation" name="test_structure_and_main_progress_never_authorizes" time="0.311" /><testcase classname="tests.test_fixed_commit_continuation" name="test_structure_escalation_rejected[execution_authorized-True]" time="0.129" /><testcase classname="tests.test_fixed_commit_continuation" name="test_structure_escalation_rejected[holdout_capability-True]" time="0.127" /><testcase classname="tests.test_fixed_commit_continuation" name="test_structure_escalation_rejected[state-approved]" time="0.123" /><testcase classname="tests.test_fixed_commit_continuation" name="test_structure_escalation_rejected[execution_commit-HEAD]" time="0.125" /><testcase classname="tests.test_fixed_commit_continuation" name="test_structure_escalation_rejected[executor-value4]" time="0.125" /><testcase classname="tests.test_fixed_commit_continuation" name="test_structure_escalation_rejected[approval-value5]" time="0.129" /><testcase classname="tests.test_fixed_commit_continuation" name="test_structure_escalation_rejected[run_id-second_run]" time="0.115" /><testcase classname="tests.test_fixed_commit_continuation" name="test_phase_scope_rejected[train]" time="0.110" /><testcase classname="tests.test_fixed_commit_continuation" name="test_phase_scope_rejected[dev_select]" time="0.110" /><testcase classname="tests.test_fixed_commit_continuation" name="test_phase_scope_rejected[checkpoint_freeze]" time="0.113" /><testcase classname="tests.test_fixed_commit_continuation" name="test_phase_scope_rejected[holdout]" time="0.115" /><testcase classname="tests.test_fixed_commit_continuation" name="test_phase_scope_rejected[second_run]" time="0.113" /><testcase classname="tests.test_fixed_commit_continuation" name="test_fixture_approval_only" time="0.113" /><testcase classname="tests.test_fixed_commit_continuation" name="test_invalid_approval[forged]" time="0.110" /><testcase classname="tests.test_fixed_commit_continuation" name="test_invalid_approval[expired]" time="0.112" /><testcase classname="tests.test_fixed_commit_continuation" name="test_invalid_approval[revoked]" time="0.117" /><testcase classname="tests.test_fixed_commit_continuation" name="test_invalid_approval[scope]" time="0.110" /><testcase classname="tests.test_fixed_commit_continuation" name="test_invalid_approval[cross_run]" time="0.104" /><testcase classname="tests.test_fixed_commit_continuation" name="test_invalid_approval[proposal_hash]" time="0.099" /><testcase classname="tests.test_fixed_commit_continuation" name="test_evidence_drift[protocol]" time="0.155" /><testcase classname="tests.test_fixed_commit_continuation" name="test_evidence_drift[bundle]" time="0.154" /><testcase classname="tests.test_fixed_commit_continuation" name="test_evidence_drift[environment]" time="0.152" /><testcase classname="tests.test_fixed_commit_continuation" name="test_evidence_drift[binding]" time="0.159" /><testcase classname="tests.test_fixed_commit_continuation" name="test_evidence_drift[context]" time="0.164" /><testcase classname="tests.test_fixed_commit_continuation" name="test_evidence_drift[command_matrix]" time="0.163" /><testcase classname="tests.test_fixed_commit_continuation" name="test_evidence_drift[candidate]" time="0.167" /><testcase classname="tests.test_fixed_commit_continuation" name="test_evidence_drift[selection]" time="0.174" /><testcase classname="tests.test_fixed_commit_continuation" name="test_evidence_drift[freeze]" time="0.172" /><testcase classname="tests.test_fixed_commit_continuation" name="test_evidence_drift[registry]" time="0.169" /><testcase classname="tests.test_fixed_commit_continuation" name="test_evidence_drift[checkpoint]" time="0.170" /><testcase classname="tests.test_fixed_commit_continuation" name="test_evidence_drift[resource]" time="0.172" /><testcase classname="tests.test_fixed_commit_continuation" name="test_evidence_drift[committed_output]" time="0.168" /><testcase classname="tests.test_fixed_commit_continuation" name="test_legal_tip_progress_and_no_approval_rejects" time="0.111" /><testcase classname="tests.test_fixed_commit_continuation" name="test_ledger_attacks[prefix]" time="0.109" /><testcase classname="tests.test_fixed_commit_continuation" name="test_ledger_attacks[truncate]" time="0.115" /><testcase classname="tests.test_fixed_commit_continuation" name="test_ledger_attacks[unapproved]" time="0.113" /><testcase classname="tests.test_fixed_commit_continuation" name="test_ledger_attacks[cross_run]" time="0.110" /><testcase classname="tests.test_fixed_commit_continuation" name="test_ledger_attacks[fork]" time="0.112" /><testcase classname="tests.test_fixed_commit_continuation" name="test_ledger_attacks[sequence]" time="0.114" /><testcase classname="tests.test_fixed_commit_continuation" name="test_ledger_attacks[failed]" time="0.113" /><testcase classname="tests.test_fixed_commit_continuation" name="test_ledger_attacks[skip]" time="0.112" /><testcase classname="tests.test_fixed_commit_continuation" name="test_ledger_attacks[committed_replacement]" time="0.113" /><testcase classname="tests.test_fixed_commit_continuation" name="test_committed_cell_replacement" time="0.118" /><testcase classname="tests.test_fixed_commit_continuation" name="test_strict_json[{&quot;a&quot;:1,&quot;a&quot;:2}]" time="0.000" /><testcase classname="tests.test_fixed_commit_continuation" name="test_strict_json[{&quot;a&quot;:NaN}]" time="0.000" /><testcase classname="tests.test_fixed_commit_continuation" name="test_strict_json[{&quot;a&quot;:Infinity}]" time="0.000" /><testcase classname="tests.test_fixed_commit_continuation" name="test_cli_rejects_before_any_child" time="0.118" /><testcase classname="tests.test_fixed_commit_continuation" name="test_cli_ignores_shadow_src[current_main]" time="0.179" /><testcase classname="tests.test_fixed_commit_continuation" name="test_cli_ignores_shadow_src[external]" time="0.175" /><testcase classname="tests.test_fixed_commit_continuation" name="test_public_gate_unchanged" time="0.000" /><testcase classname="tests.test_fixed_commit_continuation" name="test_schema_required_fields_match_validator" time="0.116" /><testcase classname="tests.test_fixed_commit_continuation" name="test_probe_rejects_preloaded_shadow[current_main]" time="0.004" /><testcase classname="tests.test_fixed_commit_continuation" name="test_probe_rejects_preloaded_shadow[external]" time="0.002" /><testcase classname="tests.test_fixed_commit_continuation" name="test_protected_inventory_and_committed_replacement" time="0.004" /><testcase classname="tests.test_checkpoint_nullable_identity_v28" name="test_1200_coordinate_producer_projection_and_json_roundtrip" time="0.113" /><testcase classname="tests.test_checkpoint_nullable_identity_v28" name="test_ten_agent_actual_save_annotate_readback_candidate_and_latest" time="1.556" /><testcase classname="tests.test_checkpoint_nullable_identity_v28" name="test_strict_selection_freeze_and_typed_provenance_chain" time="7.400" /><testcase classname="tests.test_checkpoint_nullable_identity_v28" name="test_full_companion_envelope_real_benchmark_gate_chain" time="0.191" /><testcase classname="tests.test_checkpoint_nullable_identity_v28" name="test_full_envelope_shared_identity_negatives_precede_rollout[formal_training_execution_binding_sha256-missing]" time="0.028" /><testcase classname="tests.test_checkpoint_nullable_identity_v28" name="test_full_envelope_shared_identity_negatives_precede_rollout[formal_nullable_metric_aggregation_contract_semantic_sha256-missing]" time="0.027" /><testcase classname="tests.test_checkpoint_nullable_identity_v28" name="test_full_envelope_shared_identity_negatives_precede_rollout[formal_nullable_metric_aggregation_contract_semantic_sha256-wrong]" time="0.029" /><testcase classname="tests.test_checkpoint_nullable_identity_v28" name="test_full_envelope_shared_identity_negatives_precede_rollout[formal_protocol_semantic_sha256-wrong]" time="0.028" /><testcase classname="tests.test_checkpoint_nullable_identity_v28" name="test_full_envelope_shared_identity_negatives_precede_rollout[formal_training_execution_binding_sha256-wrong]" time="0.027" /><testcase classname="tests.test_checkpoint_nullable_identity_v28" name="test_full_envelope_shared_identity_negatives_precede_rollout[resolved_execution_context_sha256-wrong]" time="0.027" /><testcase classname="tests.test_checkpoint_nullable_identity_v28" name="test_full_envelope_shared_identity_negatives_precede_rollout[active_formal_bundle_sha256-wrong]" time="0.029" /><testcase classname="tests.test_checkpoint_nullable_identity_v28" name="test_active_execution_binding_drift_precedes_rollout" time="0.029" /><testcase classname="tests.test_checkpoint_nullable_identity_v28" name="test_full_envelope_runtime_negatives_precede_rollout[sha]" time="0.028" /><testcase classname="tests.test_checkpoint_nullable_identity_v28" name="test_full_envelope_runtime_negatives_precede_rollout[git]" time="0.027" /><testcase classname="tests.test_checkpoint_nullable_identity_v28" name="test_full_envelope_runtime_negatives_precede_rollout[window]" time="0.028" /><testcase classname="tests.test_checkpoint_nullable_identity_v28" name="test_full_envelope_runtime_negatives_precede_rollout[runtime]" time="0.029" /><testcase classname="tests.test_checkpoint_nullable_identity_v28" name="test_full_envelope_runtime_negatives_precede_rollout[agent]" time="0.027" /><testcase classname="tests.test_checkpoint_nullable_identity_v28" name="test_full_envelope_runtime_negatives_precede_rollout[seed]" time="0.027" /><testcase classname="tests.test_checkpoint_nullable_identity_v28" name="test_full_envelope_runtime_negatives_precede_rollout[capacity]" time="0.053" /><testcase classname="tests.test_checkpoint_nullable_identity_v28" name="test_checkpoint_top_nested_conflict_and_protocol_downgrade_precede_rollout" time="0.032" /><testcase classname="tests.test_checkpoint_nullable_identity_v28" name="test_benchmark_main_calls_strict_envelope_gate_before_rollout" time="0.000" /><testcase classname="tests.test_checkpoint_nullable_identity_v28" name="test_freeze_rechecks_actual_checkpoint_not_only_selected_wrapper" time="7.445" /><testcase classname="tests.test_checkpoint_nullable_identity_v28" name="test_candidate_identity_negatives_publish_nothing[&lt;lambda&gt;-False-missing]" time="7.455" /><testcase classname="tests.test_checkpoint_nullable_identity_v28" name="test_candidate_identity_negatives_publish_nothing[&lt;lambda&gt;-False-nested]" time="8.570" /><testcase classname="tests.test_checkpoint_nullable_identity_v28" name="test_candidate_identity_negatives_publish_nothing[&lt;lambda&gt;-False-top-level/nested]" time="8.272" /><testcase classname="tests.test_checkpoint_nullable_identity_v28" name="test_candidate_identity_negatives_publish_nothing[&lt;lambda&gt;-True-trusted expected0]" time="8.180" /><testcase classname="tests.test_checkpoint_nullable_identity_v28" name="test_candidate_identity_negatives_publish_nothing[&lt;lambda&gt;-False-trusted expected]" time="7.998" /><testcase classname="tests.test_checkpoint_nullable_identity_v28" name="test_candidate_identity_negatives_publish_nothing[&lt;lambda&gt;-True-trusted expected1]" time="8.409" /><testcase classname="tests.test_checkpoint_nullable_identity_v28" name="test_candidate_identity_negatives_publish_nothing[&lt;lambda&gt;-True-trusted expected2]" time="7.982" /><testcase classname="tests.test_checkpoint_nullable_identity_v28" name="test_candidate_identity_negatives_publish_nothing[&lt;lambda&gt;-True-trusted expected3]" time="8.055" /><testcase classname="tests.test_checkpoint_nullable_identity_v28" name="test_candidate_identity_negatives_publish_nothing[&lt;lambda&gt;-True-trusted expected4]" time="8.079" /><testcase classname="tests.test_checkpoint_nullable_identity_v28" name="test_prebenchmark_rejection_has_zero_child_calls" time="0.054" /><testcase classname="tests.test_checkpoint_nullable_identity_v28" name="test_wrong_agent_seed_or_capacity_runtime_is_rejected[mappo-7-None]" time="0.059" /><testcase classname="tests.test_checkpoint_nullable_identity_v28" name="test_wrong_agent_seed_or_capacity_runtime_is_rejected[ppo-13-None]" time="0.054" /><testcase classname="tests.test_checkpoint_nullable_identity_v28" name="test_wrong_agent_seed_or_capacity_runtime_is_rejected[ppo-7-0000000000000000000000000000000000000000000000000000000000000000]" time="0.055" /><testcase classname="tests.test_checkpoint_nullable_identity_v28" name="test_json_serialization_field_loss_is_rejected" time="0.000" /><testcase classname="tests.test_checkpoint_nullable_identity_v28" name="test_g14c_v15_checkpoint_reference_is_permanently_rejected" time="0.000" /><testcase classname="tests.test_checkpoint_nullable_identity_v28" name="test_benchmark_main_executes_full_envelope_gate[valid]" time="0.839"><properties><property name="actual_run_real_episode_call_count" value="0" /><property name="actual_benchmark_gate_call_count" value="1" /><property name="actual_provenance_file_loader_call_count" value="1" /></properties></testcase><testcase classname="tests.test_checkpoint_nullable_identity_v28" name="test_benchmark_main_executes_full_envelope_gate[missing_binding]" time="0.802"><properties><property name="actual_run_real_episode_call_count" value="0" /><property name="actual_benchmark_gate_call_count" value="1" /><property name="actual_provenance_file_loader_call_count" value="1" /></properties></testcase><testcase classname="tests.test_checkpoint_nullable_identity_v28" name="test_benchmark_main_executes_full_envelope_gate[missing_nullable]" time="0.826"><properties><property name="actual_run_real_episode_call_count" value="0" /><property name="actual_benchmark_gate_call_count" value="1" /><property name="actual_provenance_file_loader_call_count" value="1" /></properties></testcase><testcase classname="tests.test_checkpoint_nullable_identity_v28" name="test_benchmark_main_executes_full_envelope_gate[uniform_nullable]" time="0.831"><properties><property name="actual_run_real_episode_call_count" value="0" /><property name="actual_benchmark_gate_call_count" value="1" /><property name="actual_provenance_file_loader_call_count" value="1" /></properties></testcase><testcase classname="tests.test_checkpoint_nullable_identity_v28" name="test_benchmark_main_executes_full_envelope_gate[top_nested]" time="0.938"><properties><property name="actual_run_real_episode_call_count" value="0" /><property name="actual_benchmark_gate_call_count" value="1" /><property name="actual_provenance_file_loader_call_count" value="1" /></properties></testcase><testcase classname="tests.test_checkpoint_nullable_identity_v28" name="test_benchmark_main_executes_full_envelope_gate[protocol]" time="0.820"><properties><property name="actual_run_real_episode_call_count" value="0" /><property name="actual_benchmark_gate_call_count" value="1" /><property name="actual_provenance_file_loader_call_count" value="1" /></properties></testcase><testcase classname="tests.test_checkpoint_nullable_identity_v28" name="test_benchmark_main_executes_full_envelope_gate[bundle]" time="0.697"><properties><property name="actual_run_real_episode_call_count" value="0" /><property name="actual_benchmark_gate_call_count" value="1" /><property name="actual_provenance_file_loader_call_count" value="1" /></properties></testcase><testcase classname="tests.test_checkpoint_nullable_identity_v28" name="test_benchmark_main_executes_full_envelope_gate[binding]" time="0.817"><properties><property name="actual_run_real_episode_call_count" value="0" /><property name="actual_benchmark_gate_call_count" value="1" /><property name="actual_provenance_file_loader_call_count" value="1" /></properties></testcase><testcase classname="tests.test_checkpoint_nullable_identity_v28" name="test_benchmark_main_executes_full_envelope_gate[context]" time="0.889"><properties><property name="actual_run_real_episode_call_count" value="0" /><property name="actual_benchmark_gate_call_count" value="1" /><property name="actual_provenance_file_loader_call_count" value="1" /></properties></testcase><testcase classname="tests.test_checkpoint_nullable_identity_v28" name="test_benchmark_main_executes_full_envelope_gate[sha]" time="0.933"><properties><property name="actual_run_real_episode_call_count" value="0" /><property name="actual_benchmark_gate_call_count" value="1" /><property name="actual_provenance_file_loader_call_count" value="1" /></properties></testcase><testcase classname="tests.test_checkpoint_nullable_identity_v28" name="test_benchmark_main_executes_full_envelope_gate[git]" time="0.876"><properties><property name="actual_run_real_episode_call_count" value="0" /><property name="actual_benchmark_gate_call_count" value="1" /><property name="actual_provenance_file_loader_call_count" value="1" /></properties></testcase><testcase classname="tests.test_checkpoint_nullable_identity_v28" name="test_benchmark_main_executes_full_envelope_gate[window]" time="0.886"><properties><property name="actual_run_real_episode_call_count" value="0" /><property name="actual_benchmark_gate_call_count" value="1" /><property name="actual_provenance_file_loader_call_count" value="1" /></properties></testcase><testcase classname="tests.test_checkpoint_nullable_identity_v28" name="test_benchmark_main_executes_full_envelope_gate[runtime]" time="0.881"><properties><property name="actual_run_real_episode_call_count" value="0" /><property name="actual_benchmark_gate_call_count" value="1" /><property name="actual_provenance_file_loader_call_count" value="1" /></properties></testcase><testcase classname="tests.test_checkpoint_nullable_identity_v28" name="test_benchmark_main_executes_full_envelope_gate[agent]" time="0.920"><properties><property name="actual_run_real_episode_call_count" value="0" /><property name="actual_benchmark_gate_call_count" value="1" /><property name="actual_provenance_file_loader_call_count" value="1" /></properties></testcase><testcase classname="tests.test_checkpoint_nullable_identity_v28" name="test_benchmark_main_executes_full_envelope_gate[seed]" time="0.906"><properties><property name="actual_run_real_episode_call_count" value="0" /><property name="actual_benchmark_gate_call_count" value="1" /><property name="actual_provenance_file_loader_call_count" value="1" /></properties></testcase><testcase classname="tests.test_checkpoint_nullable_identity_v28" name="test_benchmark_main_executes_full_envelope_gate[capacity]" time="0.900"><properties><property name="actual_run_real_episode_call_count" value="0" /><property name="actual_benchmark_gate_call_count" value="1" /><property name="actual_provenance_file_loader_call_count" value="1" /></properties></testcase><testcase classname="tests.test_active_formal_bundle_v18" name="test_ready_active_bundle_validates_and_holdout_capability_is_false" time="0.047" /><testcase classname="tests.test_active_formal_bundle_v18" name="test_v17_pending_index_and_ready_readiness_pending_index_are_rejected" time="0.026" /><testcase classname="tests.test_active_formal_bundle_v18" name="test_ready_index_with_pending_or_missing_readiness_is_rejected[pending]" time="0.036" /><testcase classname="tests.test_active_formal_bundle_v18" name="test_ready_index_with_pending_or_missing_readiness_is_rejected[missing]" time="0.032" /><testcase classname="tests.test_active_formal_bundle_v18" name="test_old_environment_path_rejected_even_with_correct_cli_environment" time="0.024" /><testcase classname="tests.test_active_formal_bundle_v18" name="test_active_resource_content_or_identity_drift_is_rejected[execution_environment_manifest-content drift]" time="0.022" /><testcase classname="tests.test_active_formal_bundle_v18" name="test_active_resource_content_or_identity_drift_is_rejected[protocol_manifest-content drift]" time="0.022" /><testcase classname="tests.test_active_formal_bundle_v18" name="test_active_resource_content_or_identity_drift_is_rejected[agent_training_scientific_config-content drift]" time="0.022" /><testcase classname="tests.test_active_formal_bundle_v18" name="test_active_resource_content_or_identity_drift_is_rejected[formal_agent_order_contract-content drift]" time="0.032" /><testcase classname="tests.test_active_formal_bundle_v18" name="test_protocol_path_hash_drift_and_same_name_different_hash_are_rejected" time="0.032" /><testcase classname="tests.test_active_formal_bundle_v18" name="test_execution_commit_dirty_or_origin_drift_is_rejected" time="0.054" /><testcase classname="tests.test_active_formal_bundle_v18" name="test_cross_version_resource_requires_explicit_shared_declaration" time="0.026" /><testcase classname="tests.test_active_formal_bundle_v18" name="test_missing_readiness_evidence_and_status_without_evidence_hash_are_rejected" time="0.054" /><testcase classname="tests.test_active_formal_bundle_v18" name="test_checkpoint_identity_acceptance_drift_is_rejected" time="0.039" /><testcase classname="tests.test_active_formal_bundle_v18" name="test_symlink_cwd_guessing_and_alternate_index_are_rejected" time="0.032" /><testcase classname="tests.test_active_formal_bundle_v18" name="test_outer_runner_source_gates_dry_run_before_output_writes" time="0.000" /><testcase classname="tests.test_active_formal_bundle_v18" name="test_all_registered_invalid_roots_including_v11_remain_rejected" time="0.004" /></testsuite></testsuites>