<?xml version="1.0" encoding="utf-8"?><testsuites name="pytest tests"><testsuite name="pytest" errors="0" failures="0" skipped="0" tests="71" time="90.843" timestamp="2026-09-09T16:47:25.009967+08:00" hostname="feiwendeMacBook-Air.local"><testcase classname="tests.test_continuation_executor_boundaries" name="test_fixture_scope_signature_and_distinct_evidence" time="0.002" /><testcase classname="tests.test_continuation_executor_boundaries" name="test_test_authority_cannot_escape[scope]" time="0.000" /><testcase classname="tests.test_continuation_executor_boundaries" name="test_test_authority_cannot_escape[expiry]" time="0.001" /><testcase classname="tests.test_continuation_executor_boundaries" name="test_test_authority_cannot_escape[revoked]" time="0.001" /><testcase classname="tests.test_continuation_executor_boundaries" name="test_test_authority_cannot_escape[cross_root]" time="0.001" /><testcase classname="tests.test_continuation_executor_boundaries" name="test_test_authority_cannot_escape[signature]" time="0.001" /><testcase classname="tests.test_continuation_executor_boundaries" name="test_test_authority_cannot_escape[production]" time="0.001" /><testcase classname="tests.test_continuation_executor_boundaries" name="test_public_cli_phase_rejects_before_paths_exist[train]" time="0.026" /><testcase classname="tests.test_continuation_executor_boundaries" name="test_public_cli_phase_rejects_before_paths_exist[dev_select]" time="0.027" /><testcase classname="tests.test_continuation_executor_boundaries" name="test_public_cli_phase_rejects_before_paths_exist[checkpoint_freeze]" time="0.026" /><testcase classname="tests.test_continuation_executor_boundaries" name="test_public_cli_phase_rejects_before_paths_exist[holdout]" time="0.025" /><testcase classname="tests.test_continuation_executor_boundaries" name="test_public_cli_phase_rejects_before_paths_exist[unknown]" time="0.025" /><testcase classname="tests.test_continuation_executor_boundaries" name="test_public_cli_no_approval_no_writes[formal_cache_policy-qualification]" time="0.026" /><testcase classname="tests.test_continuation_executor_boundaries" name="test_public_cli_no_approval_no_writes[formal_cache_policy-execute]" time="0.027" /><testcase classname="tests.test_continuation_executor_boundaries" name="test_public_cli_no_approval_no_writes[formal_controller-qualification]" time="0.026" /><testcase classname="tests.test_continuation_executor_boundaries" name="test_public_cli_no_approval_no_writes[formal_controller-execute]" time="0.026" /><testcase classname="tests.test_continuation_executor_boundaries" name="test_public_cli_no_approval_no_writes[formal_ablation-qualification]" time="0.026" /><testcase classname="tests.test_continuation_executor_boundaries" name="test_public_cli_no_approval_no_writes[formal_ablation-execute]" time="0.026" /><testcase classname="tests.test_continuation_executor_boundaries" name="test_public_cli_no_approval_no_writes[formal_support-qualification]" time="0.026" /><testcase classname="tests.test_continuation_executor_boundaries" name="test_public_cli_no_approval_no_writes[formal_support-execute]" time="0.026" /><testcase classname="tests.test_continuation_executor_boundaries" name="test_public_cli_no_approval_no_writes[formal_scalability-qualification]" time="0.026" /><testcase classname="tests.test_continuation_executor_boundaries" name="test_public_cli_no_approval_no_writes[formal_scalability-execute]" time="0.026" /><testcase classname="tests.test_continuation_executor_boundaries" name="test_public_cli_no_approval_no_writes[formal_statistics-qualification]" time="0.026" /><testcase classname="tests.test_continuation_executor_boundaries" name="test_public_cli_no_approval_no_writes[formal_statistics-execute]" time="0.027" /><testcase classname="tests.test_continuation_executor_boundaries" name="test_public_cli_no_approval_no_writes[formal_gate-qualification]" time="0.027" /><testcase classname="tests.test_continuation_executor_boundaries" name="test_public_cli_no_approval_no_writes[formal_gate-execute]" time="0.027" /><testcase classname="tests.test_continuation_executor_boundaries" name="test_public_cli_no_approval_no_writes[complete_without_holdout-qualification]" time="0.027" /><testcase classname="tests.test_continuation_executor_boundaries" name="test_public_cli_no_approval_no_writes[complete_without_holdout-execute]" time="0.026" /><testcase classname="tests.test_continuation_executor_boundaries" name="test_recursive_input_refusal[symlink]" time="0.001" /><testcase classname="tests.test_continuation_executor_boundaries" name="test_recursive_input_refusal[escape]" time="0.001" /><testcase classname="tests.test_continuation_executor_boundaries" name="test_recursive_input_refusal[real_resource]" time="0.001" /><testcase classname="tests.test_continuation_executor_boundaries" name="test_recursive_input_refusal[nested_argv]" time="0.000" /><testcase classname="tests.test_continuation_executor_boundaries" name="test_recursive_input_refusal[uri]" time="0.000" /><testcase classname="tests.test_continuation_executor_boundaries" name="test_lock_refusal_is_before_file_creation" time="0.000" /><testcase classname="tests.test_continuation_executor_boundaries" name="test_lock_competition_and_repeated_start" time="0.006" /><testcase classname="tests.test_continuation_executor_boundaries" name="test_crash_record_cannot_be_blindly_reclaimed" time="0.005" /><testcase classname="tests.test_continuation_executor_boundaries" name="test_planner_projections_equal_frozen_original_main_expressions" time="0.772" /><testcase classname="tests.test_continuation_executor_boundaries" name="test_real_process_crash_requires_approved_recovery" time="0.039" /><testcase classname="tests.test_continuation_executor_boundaries" name="test_five_cells_use_old_native_transactions" time="6.610" /><testcase classname="tests.test_continuation_executor_boundaries" name="test_old_science_loader_rejects_process_pollution[pythonpath]" time="0.092" /><testcase classname="tests.test_continuation_executor_boundaries" name="test_old_science_loader_rejects_process_pollution[cwd]" time="0.091" /><testcase classname="tests.test_continuation_executor_boundaries" name="test_old_science_loader_rejects_process_pollution[shadow]" time="0.089" /><testcase classname="tests.test_continuation_executor_boundaries" name="test_two_real_processes_only_one_writer" time="0.057" /><testcase classname="tests.test_continuation_executor_boundaries" name="test_native_faults_and_restarts[exit75]" time="7.469" /><testcase classname="tests.test_continuation_executor_boundaries" name="test_native_faults_and_restarts[terminal]" time="2.867" /><testcase classname="tests.test_continuation_executor_boundaries" name="test_native_faults_and_restarts[missing]" time="2.877" /><testcase classname="tests.test_continuation_executor_boundaries" name="test_native_faults_and_restarts[corrupt]" time="2.880" /><testcase classname="tests.test_continuation_executor_boundaries" name="test_native_faults_and_restarts[descriptor]" time="4.678" /><testcase classname="tests.test_continuation_executor_boundaries" name="test_native_faults_and_restarts[provenance]" time="4.663" /><testcase classname="tests.test_continuation_executor_boundaries" name="test_native_faults_and_restarts[publication_crash]" time="6.725" /><testcase classname="tests.test_continuation_executor_boundaries" name="test_native_faults_and_restarts[candidate_crash]" time="6.703" /><testcase classname="tests.test_continuation_executor_boundaries" name="test_native_faults_and_restarts[duplicate_committed]" time="6.679" /><testcase classname="tests.test_continuation_executor_boundaries" name="test_native_faults_and_restarts[gate_missing]" time="6.748" /><testcase classname="tests.test_continuation_executor_boundaries" name="test_native_faults_and_restarts[gate_false]" time="6.706" /><testcase classname="tests.test_continuation_executor_boundaries" name="test_native_faults_and_restarts[revoke_during_phase]" time="2.860" /><testcase classname="tests.test_continuation_executor_boundaries" name="test_native_faults_and_restarts[expire_during_phase]" time="2.857" /><testcase classname="tests.test_continuation_executor_boundaries" name="test_native_faults_and_restarts[utc_adjustment]" time="6.629" /><testcase classname="tests.test_continuation_executor_boundaries" name="test_native_progress_corruption_rejects_before_write[truncation]" time="2.007" /><testcase classname="tests.test_continuation_executor_boundaries" name="test_native_progress_corruption_rejects_before_write[fork]" time="1.998" /><testcase classname="tests.test_continuation_executor_boundaries" name="test_native_progress_corruption_rejects_before_write[out_of_order]" time="2.009" /><testcase classname="tests.test_continuation_executor_boundaries" name="test_native_progress_corruption_rejects_before_write[cross_ledger]" time="1.996" /><testcase classname="tests.test_continuation_executor_boundaries" name="test_native_progress_corruption_rejects_before_write[immutable_payload]" time="2.003" /><testcase classname="tests.test_continuation_executor_boundaries" name="test_actual_cli_identity_drift_has_no_fixture_writes[execute_fixed_commit_continuation.py]" time="0.040" /><testcase classname="tests.test_continuation_executor_boundaries" name="test_actual_cli_identity_drift_has_no_fixture_writes[run_fixed_commit_continuation_acceptance.py]" time="0.040" /><testcase classname="tests.test_continuation_executor_boundaries" name="test_actual_foreign_interpreter_rejected_before_scientific_imports" time="0.119" /><testcase classname="tests.test_continuation_executor_boundaries" name="test_actual_external_import_pollution_rejected[external_src]" time="0.089" /><testcase classname="tests.test_continuation_executor_boundaries" name="test_actual_external_import_pollution_rejected[critical_package]" time="0.817" /><testcase classname="tests.test_continuation_executor_boundaries" name="test_serialized_fixture_authorization_roundtrip[none]" time="0.003" /><testcase classname="tests.test_continuation_executor_boundaries" name="test_serialized_fixture_authorization_roundtrip[proposal_bytes]" time="0.002" /><testcase classname="tests.test_continuation_executor_boundaries" name="test_serialized_fixture_authorization_roundtrip[command_plan]" time="0.002" /><testcase classname="tests.test_continuation_executor_boundaries" name="test_serialized_fixture_authorization_roundtrip[approval_signature]" time="0.002" /></testsuite></testsuites>