<?xml version="1.0" encoding="utf-8"?><testsuites name="pytest tests"><testsuite name="pytest" errors="0" failures="0" skipped="0" tests="21" time="89.283" timestamp="2026-09-09T16:45:03.373545+08:00" hostname="feiwendeMacBook-Air.local"><testcase classname="tests.test_continuation_production_trust" name="test_v2_native_transactions_and_restart[exit75]" time="7.690" /><testcase classname="tests.test_continuation_production_trust" name="test_v2_native_transactions_and_restart[terminal]" time="2.906" /><testcase classname="tests.test_continuation_production_trust" name="test_v2_native_transactions_and_restart[missing]" time="2.913" /><testcase classname="tests.test_continuation_production_trust" name="test_v2_native_transactions_and_restart[corrupt]" time="2.899" /><testcase classname="tests.test_continuation_production_trust" name="test_v2_native_transactions_and_restart[descriptor]" time="4.724" /><testcase classname="tests.test_continuation_production_trust" name="test_v2_native_transactions_and_restart[provenance]" time="4.737" /><testcase classname="tests.test_continuation_production_trust" name="test_v2_native_transactions_and_restart[publication_crash]" time="6.783" /><testcase classname="tests.test_continuation_production_trust" name="test_v2_native_transactions_and_restart[candidate_crash]" time="6.828" /><testcase classname="tests.test_continuation_production_trust" name="test_v2_native_transactions_and_restart[duplicate_committed]" time="6.909" /><testcase classname="tests.test_continuation_production_trust" name="test_v2_native_transactions_and_restart[gate_missing]" time="6.785" /><testcase classname="tests.test_continuation_production_trust" name="test_v2_native_transactions_and_restart[gate_false]" time="6.807" /><testcase classname="tests.test_continuation_production_trust" name="test_v2_native_transactions_and_restart[revoke_during_phase]" time="2.879" /><testcase classname="tests.test_continuation_production_trust" name="test_v2_native_transactions_and_restart[revoke_retry]" time="3.701" /><testcase classname="tests.test_continuation_production_trust" name="test_v2_native_transactions_and_restart[candidate_crash_revoked]" time="2.862" /><testcase classname="tests.test_continuation_production_trust" name="test_v2_native_transactions_and_restart[expire_during_phase]" time="2.888" /><testcase classname="tests.test_continuation_production_trust" name="test_v2_native_transactions_and_restart[utc_adjustment]" time="6.702" /><testcase classname="tests.test_continuation_production_trust" name="test_v2_native_transactions_and_restart[truncation]" time="2.038" /><testcase classname="tests.test_continuation_production_trust" name="test_v2_native_transactions_and_restart[fork]" time="2.096" /><testcase classname="tests.test_continuation_production_trust" name="test_v2_native_transactions_and_restart[out_of_order]" time="2.036" /><testcase classname="tests.test_continuation_production_trust" name="test_v2_native_transactions_and_restart[cross_ledger]" time="2.030" /><testcase classname="tests.test_continuation_production_trust" name="test_v2_native_transactions_and_restart[immutable_payload]" time="2.035" /></testsuite></testsuites>