<?xml version="1.0" encoding="utf-8"?><testsuites name="pytest tests"><testsuite name="pytest" errors="0" failures="16" skipped="0" tests="89" time="45.004" timestamp="2026-09-09T16:43:06.766350+08:00" hostname="feiwendeMacBook-Air.local"><testcase classname="tests.test_continuation_production_trust" name="test_valid_shared_original_certificates" time="0.046" /><testcase classname="tests.test_continuation_production_trust" name="test_certification_negative[signature]" time="0.003" /><testcase classname="tests.test_continuation_production_trust" name="test_certification_negative[record_signature]" time="0.003" /><testcase classname="tests.test_continuation_production_trust" name="test_certification_negative[record_tamper]" time="0.003" /><testcase classname="tests.test_continuation_production_trust" name="test_certification_negative[original_tamper]" time="0.003" /><testcase classname="tests.test_continuation_production_trust" name="test_certification_negative[author]" time="0.004" /><testcase classname="tests.test_continuation_production_trust" name="test_certification_negative[run]" time="0.003" /><testcase classname="tests.test_continuation_production_trust" name="test_certification_negative[commit]" time="0.003" /><testcase classname="tests.test_continuation_production_trust" name="test_certification_negative[release]" time="0.003" /><testcase classname="tests.test_continuation_production_trust" name="test_certification_negative[scope]" time="0.003" /><testcase classname="tests.test_continuation_production_trust" name="test_certification_negative[coverage]" time="0.003" /><testcase classname="tests.test_continuation_production_trust" name="test_certification_negative[verifier]" time="0.003" /><testcase classname="tests.test_continuation_production_trust" name="test_certification_negative[time]" time="0.003" /><testcase classname="tests.test_continuation_production_trust" name="test_certification_negative[missing_original]" time="0.003" /><testcase classname="tests.test_continuation_production_trust" name="test_certification_negative[fake_state_hash]" time="0.003" /><testcase classname="tests.test_continuation_production_trust" name="test_revocation_fail_closed[missing]" time="0.004" /><testcase classname="tests.test_continuation_production_trust" name="test_revocation_fail_closed[unreadable]" time="0.004" /><testcase classname="tests.test_continuation_production_trust" name="test_revocation_fail_closed[signature]" time="0.004" /><testcase classname="tests.test_continuation_production_trust" name="test_revocation_fail_closed[authority]" time="0.004" /><testcase classname="tests.test_continuation_production_trust" name="test_revocation_fail_closed[source]" time="0.004" /><testcase classname="tests.test_continuation_production_trust" name="test_revocation_fail_closed[scope]" time="0.004" /><testcase classname="tests.test_continuation_production_trust" name="test_revocation_fail_closed[expired]" time="0.004" /><testcase classname="tests.test_continuation_production_trust" name="test_revocation_fail_closed[stale]" time="0.004" /><testcase classname="tests.test_continuation_production_trust" name="test_revocation_fail_closed[future]" time="0.004" /><testcase classname="tests.test_continuation_production_trust" name="test_revocation_fail_closed[negative_sequence]" time="0.004" /><testcase classname="tests.test_continuation_production_trust" name="test_revocation_fail_closed[bool_sequence]" time="0.004" /><testcase classname="tests.test_continuation_production_trust" name="test_revocation_fail_closed[revoked]" time="0.004" /><testcase classname="tests.test_continuation_production_trust" name="test_revocation_fail_closed[signer]" time="0.005" /><testcase classname="tests.test_continuation_production_trust" name="test_revocation_fail_closed[verifier]" time="0.004" /><testcase classname="tests.test_continuation_production_trust" name="test_revoked_state_cannot_roll_back_to_allowed" time="0.008" /><testcase classname="tests.test_continuation_production_trust" name="test_same_sequence_equivocation" time="0.006" /><testcase classname="tests.test_continuation_production_trust" name="test_restart_requires_external_checkpoint" time="0.009" /><testcase classname="tests.test_continuation_production_trust" name="test_continuity_and_clock_fail_closed[missing]" time="0.006" /><testcase classname="tests.test_continuation_production_trust" name="test_continuity_and_clock_fail_closed[reset]" time="0.006" /><testcase classname="tests.test_continuation_production_trust" name="test_continuity_and_clock_fail_closed[clock_backward]" time="0.005" /><testcase classname="tests.test_continuation_production_trust" name="test_continuity_and_clock_fail_closed[clock_forward]" time="0.004" /><testcase classname="tests.test_continuation_production_trust" name="test_continuity_and_clock_fail_closed[lock_missing]" time="0.005" /><testcase classname="tests.test_continuation_production_trust" name="test_scope_cannot_become_real_capability" time="0.003" /><testcase classname="tests.test_continuation_production_trust" name="test_signed_revocation_at_lock_boundaries[before_lock]" time="0.007" /><testcase classname="tests.test_continuation_production_trust" name="test_signed_revocation_at_lock_boundaries[after_lock]" time="0.007" /><testcase classname="tests.test_continuation_production_trust" name="test_quiescence_original_certification[valid]" time="0.005" /><testcase classname="tests.test_continuation_production_trust" name="test_quiescence_original_certification[owner_tamper]" time="0.004" /><testcase classname="tests.test_continuation_production_trust" name="test_quiescence_original_certification[certificate_tamper]" time="0.004" /><testcase classname="tests.test_continuation_production_trust" name="test_quiescence_original_certification[namespace_missing]" time="0.004" /><testcase classname="tests.test_continuation_production_trust" name="test_quiescence_original_certification[false_quiescence]" time="0.004" /><testcase classname="tests.test_continuation_production_trust" name="test_public_cli_refuses_test_trust[qualification-synthetic]" time="0.032" /><testcase classname="tests.test_continuation_production_trust" name="test_public_cli_refuses_test_trust[qualification-production]" time="0.034" /><testcase classname="tests.test_continuation_production_trust" name="test_public_cli_refuses_test_trust[execute-synthetic]" time="0.033" /><testcase classname="tests.test_continuation_production_trust" name="test_public_cli_refuses_test_trust[execute-production]" time="0.034" /><testcase classname="tests.test_continuation_production_trust" name="test_v2_native_transactions_and_restart[exit75]" time="2.540"><failure message="AssertionError: Traceback (most recent call last):&#10;    File &quot;/private/tmp/ppo_mec_g14r20_e_review/tests/continuation_native_driver.py&quot;, line 296, in &lt;module&gt;&#10;      if __name__ == &quot;__main__&quot;: main()&#10;    File &quot;/private/tmp/ppo_mec_g14r20_e_review/tests/continuation_native_driver.py&quot;, line 247, in main&#10;      results.append(execute_phase(subject,name,authorize,executor_identity,scope=scope))&#10;    File &quot;/private/tmp/ppo_mec_g14r20_e_review/scripts/continuation_executor/execution.py&quot;, line 44, in execute_phase&#10;      with SingleWriter(str(run.run_root), digest(executor_identity), authorize,&#10;    File &quot;/private/tmp/ppo_mec_g14r20_e_review/scripts/continuation_executor/locking.py&quot;, line 63, in __enter__&#10;      &quot;process&quot;: process_identity(os.getpid()), &quot;executor_sha256&quot;: self.executor_sha256}&#10;    File &quot;/private/tmp/ppo_mec_g14r20_e_review/scripts/continuation_executor/locking.py&quot;, line 16, in process_identity&#10;      result = subprocess.run([&quot;ps&quot;, &quot;-p&quot;, str(pid), &quot;-o&quot;, &quot;lstart=&quot;], text=True,&#10;    File &quot;/Library/Developer/CommandLineTools/Library/Frameworks/Python3.framework/Versions/3.9/lib/python3.9/subprocess.py&quot;, line 505, in run&#10;      with Popen(*popenargs, **kwargs) as process:&#10;    File &quot;/Library/Developer/CommandLineTools/Library/Frameworks/Python3.framework/Versions/3.9/lib/python3.9/subprocess.py&quot;, line 951, in __init__&#10;      self._execute_child(args, executable, preexec_fn, close_fds,&#10;    File &quot;/Library/Developer/CommandLineTools/Library/Frameworks/Python3.framework/Versions/3.9/lib/python3.9/subprocess.py&quot;, line 1821, in _execute_child&#10;      raise child_exception_type(errno_num, err_msg, err_filename)&#10;  PermissionError: [Errno 1] Operation not permitted: 'ps'&#10;  &#10;assert 1 == 0&#10; +  where 1 = CompletedProcess(args=['/Users/howen/Projects/PPO_MEC/.venv/bin/python', '-I', '-B', '/private/tmp/ppo_mec_g14r20_e_re... child_exception_type(errno_num, err_msg, err_filename)\nPermissionError: [Errno 1] Operation not permitted: \'ps\'\n').returncode">tests/test_continuation_production_trust.py:214: in test_v2_native_transactions_and_restart
    assert result.returncode == 0, result.stderr
E   AssertionError: Traceback (most recent call last):
E       File "/private/tmp/ppo_mec_g14r20_e_review/tests/continuation_native_driver.py", line 296, in &lt;module&gt;
E         if __name__ == "__main__": main()
E       File "/private/tmp/ppo_mec_g14r20_e_review/tests/continuation_native_driver.py", line 247, in main
E         results.append(execute_phase(subject,name,authorize,executor_identity,scope=scope))
E       File "/private/tmp/ppo_mec_g14r20_e_review/scripts/continuation_executor/execution.py", line 44, in execute_phase
E         with SingleWriter(str(run.run_root), digest(executor_identity), authorize,
E       File "/private/tmp/ppo_mec_g14r20_e_review/scripts/continuation_executor/locking.py", line 63, in __enter__
E         "process": process_identity(os.getpid()), "executor_sha256": self.executor_sha256}
E       File "/private/tmp/ppo_mec_g14r20_e_review/scripts/continuation_executor/locking.py", line 16, in process_identity
E         result = subprocess.run(["ps", "-p", str(pid), "-o", "lstart="], text=True,
E       File "/Library/Developer/CommandLineTools/Library/Frameworks/Python3.framework/Versions/3.9/lib/python3.9/subprocess.py", line 505, in run
E         with Popen(*popenargs, **kwargs) as process:
E       File "/Library/Developer/CommandLineTools/Library/Frameworks/Python3.framework/Versions/3.9/lib/python3.9/subprocess.py", line 951, in __init__
E         self._execute_child(args, executable, preexec_fn, close_fds,
E       File "/Library/Developer/CommandLineTools/Library/Frameworks/Python3.framework/Versions/3.9/lib/python3.9/subprocess.py", line 1821, in _execute_child
E         raise child_exception_type(errno_num, err_msg, err_filename)
E     PermissionError: [Errno 1] Operation not permitted: 'ps'
E
E   assert 1 == 0
E    +  where 1 = CompletedProcess(args=['/Users/howen/Projects/PPO_MEC/.venv/bin/python', '-I', '-B', '/private/tmp/ppo_mec_g14r20_e_re... child_exception_type(errno_num, err_msg, err_filename)\nPermissionError: [Errno 1] Operation not permitted: \'ps\'\n').returncode</failure></testcase><testcase classname="tests.test_continuation_production_trust" name="test_v2_native_transactions_and_restart[terminal]" time="2.122"><failure message="AssertionError: Traceback (most recent call last):&#10;    File &quot;/private/tmp/ppo_mec_g14r20_e_review/tests/continuation_native_driver.py&quot;, line 296, in &lt;module&gt;&#10;      if __name__ == &quot;__main__&quot;: main()&#10;    File &quot;/private/tmp/ppo_mec_g14r20_e_review/tests/continuation_native_driver.py&quot;, line 292, in main&#10;      print(json.dumps(dict(status=&quot;pass&quot;,case=mode,error=error,synthetic_child_dispatch_count=len((fixture/&quot;invocations.jsonl&quot;).read_text().splitlines()),prefix_unchanged=all(after),&#10;    File &quot;/Library/Developer/CommandLineTools/Library/Frameworks/Python3.framework/Versions/3.9/lib/python3.9/pathlib.py&quot;, line 1256, in read_text&#10;      with self.open(mode='r', encoding=encoding, errors=errors) as f:&#10;    File &quot;/Library/Developer/CommandLineTools/Library/Frameworks/Python3.framework/Versions/3.9/lib/python3.9/pathlib.py&quot;, line 1242, in open&#10;      return io.open(self, mode, buffering, encoding, errors, newline,&#10;    File &quot;/Library/Developer/CommandLineTools/Library/Frameworks/Python3.framework/Versions/3.9/lib/python3.9/pathlib.py&quot;, line 1110, in _opener&#10;      return self._accessor.open(self, flags, mode)&#10;  FileNotFoundError: [Errno 2] No such file or directory: '/private/var/folders/mt/23vgm0kx7msgvzjyg7lxk0dh0000gn/T/pytest-of-howen/pytest-189/test_v2_native_transactions_an1/invocations.jsonl'&#10;  &#10;assert 1 == 0&#10; +  where 1 = CompletedProcess(args=['/Users/howen/Projects/PPO_MEC/.venv/bin/python', '-I', '-B', '/private/tmp/ppo_mec_g14r20_e_re.../mt/23vgm0kx7msgvzjyg7lxk0dh0000gn/T/pytest-of-howen/pytest-189/test_v2_native_transactions_an1/invocations.jsonl\'\n').returncode">tests/test_continuation_production_trust.py:214: in test_v2_native_transactions_and_restart
    assert result.returncode == 0, result.stderr
E   AssertionError: Traceback (most recent call last):
E       File "/private/tmp/ppo_mec_g14r20_e_review/tests/continuation_native_driver.py", line 296, in &lt;module&gt;
E         if __name__ == "__main__": main()
E       File "/private/tmp/ppo_mec_g14r20_e_review/tests/continuation_native_driver.py", line 292, in main
E         print(json.dumps(dict(status="pass",case=mode,error=error,synthetic_child_dispatch_count=len((fixture/"invocations.jsonl").read_text().splitlines()),prefix_unchanged=all(after),
E       File "/Library/Developer/CommandLineTools/Library/Frameworks/Python3.framework/Versions/3.9/lib/python3.9/pathlib.py", line 1256, in read_text
E         with self.open(mode='r', encoding=encoding, errors=errors) as f:
E       File "/Library/Developer/CommandLineTools/Library/Frameworks/Python3.framework/Versions/3.9/lib/python3.9/pathlib.py", line 1242, in open
E         return io.open(self, mode, buffering, encoding, errors, newline,
E       File "/Library/Developer/CommandLineTools/Library/Frameworks/Python3.framework/Versions/3.9/lib/python3.9/pathlib.py", line 1110, in _opener
E         return self._accessor.open(self, flags, mode)
E     FileNotFoundError: [Errno 2] No such file or directory: '/private/var/folders/mt/23vgm0kx7msgvzjyg7lxk0dh0000gn/T/pytest-of-howen/pytest-189/test_v2_native_transactions_an1/invocations.jsonl'
E
E   assert 1 == 0
E    +  where 1 = CompletedProcess(args=['/Users/howen/Projects/PPO_MEC/.venv/bin/python', '-I', '-B', '/private/tmp/ppo_mec_g14r20_e_re.../mt/23vgm0kx7msgvzjyg7lxk0dh0000gn/T/pytest-of-howen/pytest-189/test_v2_native_transactions_an1/invocations.jsonl\'\n').returncode</failure></testcase><testcase classname="tests.test_continuation_production_trust" name="test_v2_native_transactions_and_restart[missing]" time="2.085"><failure message="AssertionError: Traceback (most recent call last):&#10;    File &quot;/private/tmp/ppo_mec_g14r20_e_review/tests/continuation_native_driver.py&quot;, line 296, in &lt;module&gt;&#10;      if __name__ == &quot;__main__&quot;: main()&#10;    File &quot;/private/tmp/ppo_mec_g14r20_e_review/tests/continuation_native_driver.py&quot;, line 292, in main&#10;      print(json.dumps(dict(status=&quot;pass&quot;,case=mode,error=error,synthetic_child_dispatch_count=len((fixture/&quot;invocations.jsonl&quot;).read_text().splitlines()),prefix_unchanged=all(after),&#10;    File &quot;/Library/Developer/CommandLineTools/Library/Frameworks/Python3.framework/Versions/3.9/lib/python3.9/pathlib.py&quot;, line 1256, in read_text&#10;      with self.open(mode='r', encoding=encoding, errors=errors) as f:&#10;    File &quot;/Library/Developer/CommandLineTools/Library/Frameworks/Python3.framework/Versions/3.9/lib/python3.9/pathlib.py&quot;, line 1242, in open&#10;      return io.open(self, mode, buffering, encoding, errors, newline,&#10;    File &quot;/Library/Developer/CommandLineTools/Library/Frameworks/Python3.framework/Versions/3.9/lib/python3.9/pathlib.py&quot;, line 1110, in _opener&#10;      return self._accessor.open(self, flags, mode)&#10;  FileNotFoundError: [Errno 2] No such file or directory: '/private/var/folders/mt/23vgm0kx7msgvzjyg7lxk0dh0000gn/T/pytest-of-howen/pytest-189/test_v2_native_transactions_an2/invocations.jsonl'&#10;  &#10;assert 1 == 0&#10; +  where 1 = CompletedProcess(args=['/Users/howen/Projects/PPO_MEC/.venv/bin/python', '-I', '-B', '/private/tmp/ppo_mec_g14r20_e_re.../mt/23vgm0kx7msgvzjyg7lxk0dh0000gn/T/pytest-of-howen/pytest-189/test_v2_native_transactions_an2/invocations.jsonl\'\n').returncode">tests/test_continuation_production_trust.py:214: in test_v2_native_transactions_and_restart
    assert result.returncode == 0, result.stderr
E   AssertionError: Traceback (most recent call last):
E       File "/private/tmp/ppo_mec_g14r20_e_review/tests/continuation_native_driver.py", line 296, in &lt;module&gt;
E         if __name__ == "__main__": main()
E       File "/private/tmp/ppo_mec_g14r20_e_review/tests/continuation_native_driver.py", line 292, in main
E         print(json.dumps(dict(status="pass",case=mode,error=error,synthetic_child_dispatch_count=len((fixture/"invocations.jsonl").read_text().splitlines()),prefix_unchanged=all(after),
E       File "/Library/Developer/CommandLineTools/Library/Frameworks/Python3.framework/Versions/3.9/lib/python3.9/pathlib.py", line 1256, in read_text
E         with self.open(mode='r', encoding=encoding, errors=errors) as f:
E       File "/Library/Developer/CommandLineTools/Library/Frameworks/Python3.framework/Versions/3.9/lib/python3.9/pathlib.py", line 1242, in open
E         return io.open(self, mode, buffering, encoding, errors, newline,
E       File "/Library/Developer/CommandLineTools/Library/Frameworks/Python3.framework/Versions/3.9/lib/python3.9/pathlib.py", line 1110, in _opener
E         return self._accessor.open(self, flags, mode)
E     FileNotFoundError: [Errno 2] No such file or directory: '/private/var/folders/mt/23vgm0kx7msgvzjyg7lxk0dh0000gn/T/pytest-of-howen/pytest-189/test_v2_native_transactions_an2/invocations.jsonl'
E
E   assert 1 == 0
E    +  where 1 = CompletedProcess(args=['/Users/howen/Projects/PPO_MEC/.venv/bin/python', '-I', '-B', '/private/tmp/ppo_mec_g14r20_e_re.../mt/23vgm0kx7msgvzjyg7lxk0dh0000gn/T/pytest-of-howen/pytest-189/test_v2_native_transactions_an2/invocations.jsonl\'\n').returncode</failure></testcase><testcase classname="tests.test_continuation_production_trust" name="test_v2_native_transactions_and_restart[corrupt]" time="2.087"><failure message="AssertionError: Traceback (most recent call last):&#10;    File &quot;/private/tmp/ppo_mec_g14r20_e_review/tests/continuation_native_driver.py&quot;, line 296, in &lt;module&gt;&#10;      if __name__ == &quot;__main__&quot;: main()&#10;    File &quot;/private/tmp/ppo_mec_g14r20_e_review/tests/continuation_native_driver.py&quot;, line 292, in main&#10;      print(json.dumps(dict(status=&quot;pass&quot;,case=mode,error=error,synthetic_child_dispatch_count=len((fixture/&quot;invocations.jsonl&quot;).read_text().splitlines()),prefix_unchanged=all(after),&#10;    File &quot;/Library/Developer/CommandLineTools/Library/Frameworks/Python3.framework/Versions/3.9/lib/python3.9/pathlib.py&quot;, line 1256, in read_text&#10;      with self.open(mode='r', encoding=encoding, errors=errors) as f:&#10;    File &quot;/Library/Developer/CommandLineTools/Library/Frameworks/Python3.framework/Versions/3.9/lib/python3.9/pathlib.py&quot;, line 1242, in open&#10;      return io.open(self, mode, buffering, encoding, errors, newline,&#10;    File &quot;/Library/Developer/CommandLineTools/Library/Frameworks/Python3.framework/Versions/3.9/lib/python3.9/pathlib.py&quot;, line 1110, in _opener&#10;      return self._accessor.open(self, flags, mode)&#10;  FileNotFoundError: [Errno 2] No such file or directory: '/private/var/folders/mt/23vgm0kx7msgvzjyg7lxk0dh0000gn/T/pytest-of-howen/pytest-189/test_v2_native_transactions_an3/invocations.jsonl'&#10;  &#10;assert 1 == 0&#10; +  where 1 = CompletedProcess(args=['/Users/howen/Projects/PPO_MEC/.venv/bin/python', '-I', '-B', '/private/tmp/ppo_mec_g14r20_e_re.../mt/23vgm0kx7msgvzjyg7lxk0dh0000gn/T/pytest-of-howen/pytest-189/test_v2_native_transactions_an3/invocations.jsonl\'\n').returncode">tests/test_continuation_production_trust.py:214: in test_v2_native_transactions_and_restart
    assert result.returncode == 0, result.stderr
E   AssertionError: Traceback (most recent call last):
E       File "/private/tmp/ppo_mec_g14r20_e_review/tests/continuation_native_driver.py", line 296, in &lt;module&gt;
E         if __name__ == "__main__": main()
E       File "/private/tmp/ppo_mec_g14r20_e_review/tests/continuation_native_driver.py", line 292, in main
E         print(json.dumps(dict(status="pass",case=mode,error=error,synthetic_child_dispatch_count=len((fixture/"invocations.jsonl").read_text().splitlines()),prefix_unchanged=all(after),
E       File "/Library/Developer/CommandLineTools/Library/Frameworks/Python3.framework/Versions/3.9/lib/python3.9/pathlib.py", line 1256, in read_text
E         with self.open(mode='r', encoding=encoding, errors=errors) as f:
E       File "/Library/Developer/CommandLineTools/Library/Frameworks/Python3.framework/Versions/3.9/lib/python3.9/pathlib.py", line 1242, in open
E         return io.open(self, mode, buffering, encoding, errors, newline,
E       File "/Library/Developer/CommandLineTools/Library/Frameworks/Python3.framework/Versions/3.9/lib/python3.9/pathlib.py", line 1110, in _opener
E         return self._accessor.open(self, flags, mode)
E     FileNotFoundError: [Errno 2] No such file or directory: '/private/var/folders/mt/23vgm0kx7msgvzjyg7lxk0dh0000gn/T/pytest-of-howen/pytest-189/test_v2_native_transactions_an3/invocations.jsonl'
E
E   assert 1 == 0
E    +  where 1 = CompletedProcess(args=['/Users/howen/Projects/PPO_MEC/.venv/bin/python', '-I', '-B', '/private/tmp/ppo_mec_g14r20_e_re.../mt/23vgm0kx7msgvzjyg7lxk0dh0000gn/T/pytest-of-howen/pytest-189/test_v2_native_transactions_an3/invocations.jsonl\'\n').returncode</failure></testcase><testcase classname="tests.test_continuation_production_trust" name="test_v2_native_transactions_and_restart[descriptor]" time="2.083"><failure message="AssertionError: Traceback (most recent call last):&#10;    File &quot;/private/tmp/ppo_mec_g14r20_e_review/tests/continuation_native_driver.py&quot;, line 296, in &lt;module&gt;&#10;      if __name__ == &quot;__main__&quot;: main()&#10;    File &quot;/private/tmp/ppo_mec_g14r20_e_review/tests/continuation_native_driver.py&quot;, line 292, in main&#10;      print(json.dumps(dict(status=&quot;pass&quot;,case=mode,error=error,synthetic_child_dispatch_count=len((fixture/&quot;invocations.jsonl&quot;).read_text().splitlines()),prefix_unchanged=all(after),&#10;    File &quot;/Library/Developer/CommandLineTools/Library/Frameworks/Python3.framework/Versions/3.9/lib/python3.9/pathlib.py&quot;, line 1256, in read_text&#10;      with self.open(mode='r', encoding=encoding, errors=errors) as f:&#10;    File &quot;/Library/Developer/CommandLineTools/Library/Frameworks/Python3.framework/Versions/3.9/lib/python3.9/pathlib.py&quot;, line 1242, in open&#10;      return io.open(self, mode, buffering, encoding, errors, newline,&#10;    File &quot;/Library/Developer/CommandLineTools/Library/Frameworks/Python3.framework/Versions/3.9/lib/python3.9/pathlib.py&quot;, line 1110, in _opener&#10;      return self._accessor.open(self, flags, mode)&#10;  FileNotFoundError: [Errno 2] No such file or directory: '/private/var/folders/mt/23vgm0kx7msgvzjyg7lxk0dh0000gn/T/pytest-of-howen/pytest-189/test_v2_native_transactions_an4/invocations.jsonl'&#10;  &#10;assert 1 == 0&#10; +  where 1 = CompletedProcess(args=['/Users/howen/Projects/PPO_MEC/.venv/bin/python', '-I', '-B', '/private/tmp/ppo_mec_g14r20_e_re.../mt/23vgm0kx7msgvzjyg7lxk0dh0000gn/T/pytest-of-howen/pytest-189/test_v2_native_transactions_an4/invocations.jsonl\'\n').returncode">tests/test_continuation_production_trust.py:214: in test_v2_native_transactions_and_restart
    assert result.returncode == 0, result.stderr
E   AssertionError: Traceback (most recent call last):
E       File "/private/tmp/ppo_mec_g14r20_e_review/tests/continuation_native_driver.py", line 296, in &lt;module&gt;
E         if __name__ == "__main__": main()
E       File "/private/tmp/ppo_mec_g14r20_e_review/tests/continuation_native_driver.py", line 292, in main
E         print(json.dumps(dict(status="pass",case=mode,error=error,synthetic_child_dispatch_count=len((fixture/"invocations.jsonl").read_text().splitlines()),prefix_unchanged=all(after),
E       File "/Library/Developer/CommandLineTools/Library/Frameworks/Python3.framework/Versions/3.9/lib/python3.9/pathlib.py", line 1256, in read_text
E         with self.open(mode='r', encoding=encoding, errors=errors) as f:
E       File "/Library/Developer/CommandLineTools/Library/Frameworks/Python3.framework/Versions/3.9/lib/python3.9/pathlib.py", line 1242, in open
E         return io.open(self, mode, buffering, encoding, errors, newline,
E       File "/Library/Developer/CommandLineTools/Library/Frameworks/Python3.framework/Versions/3.9/lib/python3.9/pathlib.py", line 1110, in _opener
E         return self._accessor.open(self, flags, mode)
E     FileNotFoundError: [Errno 2] No such file or directory: '/private/var/folders/mt/23vgm0kx7msgvzjyg7lxk0dh0000gn/T/pytest-of-howen/pytest-189/test_v2_native_transactions_an4/invocations.jsonl'
E
E   assert 1 == 0
E    +  where 1 = CompletedProcess(args=['/Users/howen/Projects/PPO_MEC/.venv/bin/python', '-I', '-B', '/private/tmp/ppo_mec_g14r20_e_re.../mt/23vgm0kx7msgvzjyg7lxk0dh0000gn/T/pytest-of-howen/pytest-189/test_v2_native_transactions_an4/invocations.jsonl\'\n').returncode</failure></testcase><testcase classname="tests.test_continuation_production_trust" name="test_v2_native_transactions_and_restart[provenance]" time="2.087"><failure message="AssertionError: Traceback (most recent call last):&#10;    File &quot;/private/tmp/ppo_mec_g14r20_e_review/tests/continuation_native_driver.py&quot;, line 296, in &lt;module&gt;&#10;      if __name__ == &quot;__main__&quot;: main()&#10;    File &quot;/private/tmp/ppo_mec_g14r20_e_review/tests/continuation_native_driver.py&quot;, line 292, in main&#10;      print(json.dumps(dict(status=&quot;pass&quot;,case=mode,error=error,synthetic_child_dispatch_count=len((fixture/&quot;invocations.jsonl&quot;).read_text().splitlines()),prefix_unchanged=all(after),&#10;    File &quot;/Library/Developer/CommandLineTools/Library/Frameworks/Python3.framework/Versions/3.9/lib/python3.9/pathlib.py&quot;, line 1256, in read_text&#10;      with self.open(mode='r', encoding=encoding, errors=errors) as f:&#10;    File &quot;/Library/Developer/CommandLineTools/Library/Frameworks/Python3.framework/Versions/3.9/lib/python3.9/pathlib.py&quot;, line 1242, in open&#10;      return io.open(self, mode, buffering, encoding, errors, newline,&#10;    File &quot;/Library/Developer/CommandLineTools/Library/Frameworks/Python3.framework/Versions/3.9/lib/python3.9/pathlib.py&quot;, line 1110, in _opener&#10;      return self._accessor.open(self, flags, mode)&#10;  FileNotFoundError: [Errno 2] No such file or directory: '/private/var/folders/mt/23vgm0kx7msgvzjyg7lxk0dh0000gn/T/pytest-of-howen/pytest-189/test_v2_native_transactions_an5/invocations.jsonl'&#10;  &#10;assert 1 == 0&#10; +  where 1 = CompletedProcess(args=['/Users/howen/Projects/PPO_MEC/.venv/bin/python', '-I', '-B', '/private/tmp/ppo_mec_g14r20_e_re.../mt/23vgm0kx7msgvzjyg7lxk0dh0000gn/T/pytest-of-howen/pytest-189/test_v2_native_transactions_an5/invocations.jsonl\'\n').returncode">tests/test_continuation_production_trust.py:214: in test_v2_native_transactions_and_restart
    assert result.returncode == 0, result.stderr
E   AssertionError: Traceback (most recent call last):
E       File "/private/tmp/ppo_mec_g14r20_e_review/tests/continuation_native_driver.py", line 296, in &lt;module&gt;
E         if __name__ == "__main__": main()
E       File "/private/tmp/ppo_mec_g14r20_e_review/tests/continuation_native_driver.py", line 292, in main
E         print(json.dumps(dict(status="pass",case=mode,error=error,synthetic_child_dispatch_count=len((fixture/"invocations.jsonl").read_text().splitlines()),prefix_unchanged=all(after),
E       File "/Library/Developer/CommandLineTools/Library/Frameworks/Python3.framework/Versions/3.9/lib/python3.9/pathlib.py", line 1256, in read_text
E         with self.open(mode='r', encoding=encoding, errors=errors) as f:
E       File "/Library/Developer/CommandLineTools/Library/Frameworks/Python3.framework/Versions/3.9/lib/python3.9/pathlib.py", line 1242, in open
E         return io.open(self, mode, buffering, encoding, errors, newline,
E       File "/Library/Developer/CommandLineTools/Library/Frameworks/Python3.framework/Versions/3.9/lib/python3.9/pathlib.py", line 1110, in _opener
E         return self._accessor.open(self, flags, mode)
E     FileNotFoundError: [Errno 2] No such file or directory: '/private/var/folders/mt/23vgm0kx7msgvzjyg7lxk0dh0000gn/T/pytest-of-howen/pytest-189/test_v2_native_transactions_an5/invocations.jsonl'
E
E   assert 1 == 0
E    +  where 1 = CompletedProcess(args=['/Users/howen/Projects/PPO_MEC/.venv/bin/python', '-I', '-B', '/private/tmp/ppo_mec_g14r20_e_re.../mt/23vgm0kx7msgvzjyg7lxk0dh0000gn/T/pytest-of-howen/pytest-189/test_v2_native_transactions_an5/invocations.jsonl\'\n').returncode</failure></testcase><testcase classname="tests.test_continuation_production_trust" name="test_v2_native_transactions_and_restart[publication_crash]" time="2.203"><failure message="AssertionError: Traceback (most recent call last):&#10;    File &quot;/private/tmp/ppo_mec_g14r20_e_review/tests/continuation_native_driver.py&quot;, line 296, in &lt;module&gt;&#10;      if __name__ == &quot;__main__&quot;: main()&#10;    File &quot;/private/tmp/ppo_mec_g14r20_e_review/tests/continuation_native_driver.py&quot;, line 201, in main&#10;      execute_phase(subject,PHASES[0],authorize,executor_identity,scope=scope)&#10;    File &quot;/private/tmp/ppo_mec_g14r20_e_review/scripts/continuation_executor/execution.py&quot;, line 44, in execute_phase&#10;      with SingleWriter(str(run.run_root), digest(executor_identity), authorize,&#10;    File &quot;/private/tmp/ppo_mec_g14r20_e_review/scripts/continuation_executor/locking.py&quot;, line 63, in __enter__&#10;      &quot;process&quot;: process_identity(os.getpid()), &quot;executor_sha256&quot;: self.executor_sha256}&#10;    File &quot;/private/tmp/ppo_mec_g14r20_e_review/scripts/continuation_executor/locking.py&quot;, line 16, in process_identity&#10;      result = subprocess.run([&quot;ps&quot;, &quot;-p&quot;, str(pid), &quot;-o&quot;, &quot;lstart=&quot;], text=True,&#10;    File &quot;/Library/Developer/CommandLineTools/Library/Frameworks/Python3.framework/Versions/3.9/lib/python3.9/subprocess.py&quot;, line 505, in run&#10;      with Popen(*popenargs, **kwargs) as process:&#10;    File &quot;/Library/Developer/CommandLineTools/Library/Frameworks/Python3.framework/Versions/3.9/lib/python3.9/subprocess.py&quot;, line 951, in __init__&#10;      self._execute_child(args, executable, preexec_fn, close_fds,&#10;    File &quot;/Library/Developer/CommandLineTools/Library/Frameworks/Python3.framework/Versions/3.9/lib/python3.9/subprocess.py&quot;, line 1821, in _execute_child&#10;      raise child_exception_type(errno_num, err_msg, err_filename)&#10;  PermissionError: [Errno 1] Operation not permitted: 'ps'&#10;  Traceback (most recent call last):&#10;    File &quot;/private/tmp/ppo_mec_g14r20_e_review/tests/continuation_native_driver.py&quot;, line 296, in &lt;module&gt;&#10;      if __name__ == &quot;__main__&quot;: main()&#10;    File &quot;/private/tmp/ppo_mec_g14r20_e_review/tests/continuation_native_driver.py&quot;, line 204, in main&#10;      assert os.WIFEXITED(status) and os.WEXITSTATUS(status)==17&#10;  AssertionError&#10;  &#10;assert 1 == 0&#10; +  where 1 = CompletedProcess(args=['/Users/howen/Projects/PPO_MEC/.venv/bin/python', '-I', '-B', '/private/tmp/ppo_mec_g14r20_e_re...ative_driver.py&quot;, line 204, in main\n    assert os.WIFEXITED(status) and os.WEXITSTATUS(status)==17\nAssertionError\n').returncode">tests/test_continuation_production_trust.py:214: in test_v2_native_transactions_and_restart
    assert result.returncode == 0, result.stderr
E   AssertionError: Traceback (most recent call last):
E       File "/private/tmp/ppo_mec_g14r20_e_review/tests/continuation_native_driver.py", line 296, in &lt;module&gt;
E         if __name__ == "__main__": main()
E       File "/private/tmp/ppo_mec_g14r20_e_review/tests/continuation_native_driver.py", line 201, in main
E         execute_phase(subject,PHASES[0],authorize,executor_identity,scope=scope)
E       File "/private/tmp/ppo_mec_g14r20_e_review/scripts/continuation_executor/execution.py", line 44, in execute_phase
E         with SingleWriter(str(run.run_root), digest(executor_identity), authorize,
E       File "/private/tmp/ppo_mec_g14r20_e_review/scripts/continuation_executor/locking.py", line 63, in __enter__
E         "process": process_identity(os.getpid()), "executor_sha256": self.executor_sha256}
E       File "/private/tmp/ppo_mec_g14r20_e_review/scripts/continuation_executor/locking.py", line 16, in process_identity
E         result = subprocess.run(["ps", "-p", str(pid), "-o", "lstart="], text=True,
E       File "/Library/Developer/CommandLineTools/Library/Frameworks/Python3.framework/Versions/3.9/lib/python3.9/subprocess.py", line 505, in run
E         with Popen(*popenargs, **kwargs) as process:
E       File "/Library/Developer/CommandLineTools/Library/Frameworks/Python3.framework/Versions/3.9/lib/python3.9/subprocess.py", line 951, in __init__
E         self._execute_child(args, executable, preexec_fn, close_fds,
E       File "/Library/Developer/CommandLineTools/Library/Frameworks/Python3.framework/Versions/3.9/lib/python3.9/subprocess.py", line 1821, in _execute_child
E         raise child_exception_type(errno_num, err_msg, err_filename)
E     PermissionError: [Errno 1] Operation not permitted: 'ps'
E     Traceback (most recent call last):
E       File "/private/tmp/ppo_mec_g14r20_e_review/tests/continuation_native_driver.py", line 296, in &lt;module&gt;
E         if __name__ == "__main__": main()
E       File "/private/tmp/ppo_mec_g14r20_e_review/tests/continuation_native_driver.py", line 204, in main
E         assert os.WIFEXITED(status) and os.WEXITSTATUS(status)==17
E     AssertionError
E
E   assert 1 == 0
E    +  where 1 = CompletedProcess(args=['/Users/howen/Projects/PPO_MEC/.venv/bin/python', '-I', '-B', '/private/tmp/ppo_mec_g14r20_e_re...ative_driver.py", line 204, in main\n    assert os.WIFEXITED(status) and os.WEXITSTATUS(status)==17\nAssertionError\n').returncode</failure></testcase><testcase classname="tests.test_continuation_production_trust" name="test_v2_native_transactions_and_restart[candidate_crash]" time="2.213"><failure message="AssertionError: Traceback (most recent call last):&#10;    File &quot;/private/tmp/ppo_mec_g14r20_e_review/tests/continuation_native_driver.py&quot;, line 296, in &lt;module&gt;&#10;      if __name__ == &quot;__main__&quot;: main()&#10;    File &quot;/private/tmp/ppo_mec_g14r20_e_review/tests/continuation_native_driver.py&quot;, line 201, in main&#10;      execute_phase(subject,PHASES[0],authorize,executor_identity,scope=scope)&#10;    File &quot;/private/tmp/ppo_mec_g14r20_e_review/scripts/continuation_executor/execution.py&quot;, line 44, in execute_phase&#10;      with SingleWriter(str(run.run_root), digest(executor_identity), authorize,&#10;    File &quot;/private/tmp/ppo_mec_g14r20_e_review/scripts/continuation_executor/locking.py&quot;, line 63, in __enter__&#10;      &quot;process&quot;: process_identity(os.getpid()), &quot;executor_sha256&quot;: self.executor_sha256}&#10;    File &quot;/private/tmp/ppo_mec_g14r20_e_review/scripts/continuation_executor/locking.py&quot;, line 16, in process_identity&#10;      result = subprocess.run([&quot;ps&quot;, &quot;-p&quot;, str(pid), &quot;-o&quot;, &quot;lstart=&quot;], text=True,&#10;    File &quot;/Library/Developer/CommandLineTools/Library/Frameworks/Python3.framework/Versions/3.9/lib/python3.9/subprocess.py&quot;, line 505, in run&#10;      with Popen(*popenargs, **kwargs) as process:&#10;    File &quot;/Library/Developer/CommandLineTools/Library/Frameworks/Python3.framework/Versions/3.9/lib/python3.9/subprocess.py&quot;, line 951, in __init__&#10;      self._execute_child(args, executable, preexec_fn, close_fds,&#10;    File &quot;/Library/Developer/CommandLineTools/Library/Frameworks/Python3.framework/Versions/3.9/lib/python3.9/subprocess.py&quot;, line 1821, in _execute_child&#10;      raise child_exception_type(errno_num, err_msg, err_filename)&#10;  PermissionError: [Errno 1] Operation not permitted: 'ps'&#10;  Traceback (most recent call last):&#10;    File &quot;/private/tmp/ppo_mec_g14r20_e_review/tests/continuation_native_driver.py&quot;, line 296, in &lt;module&gt;&#10;      if __name__ == &quot;__main__&quot;: main()&#10;    File &quot;/private/tmp/ppo_mec_g14r20_e_review/tests/continuation_native_driver.py&quot;, line 204, in main&#10;      assert os.WIFEXITED(status) and os.WEXITSTATUS(status)==17&#10;  AssertionError&#10;  &#10;assert 1 == 0&#10; +  where 1 = CompletedProcess(args=['/Users/howen/Projects/PPO_MEC/.venv/bin/python', '-I', '-B', '/private/tmp/ppo_mec_g14r20_e_re...ative_driver.py&quot;, line 204, in main\n    assert os.WIFEXITED(status) and os.WEXITSTATUS(status)==17\nAssertionError\n').returncode">tests/test_continuation_production_trust.py:214: in test_v2_native_transactions_and_restart
    assert result.returncode == 0, result.stderr
E   AssertionError: Traceback (most recent call last):
E       File "/private/tmp/ppo_mec_g14r20_e_review/tests/continuation_native_driver.py", line 296, in &lt;module&gt;
E         if __name__ == "__main__": main()
E       File "/private/tmp/ppo_mec_g14r20_e_review/tests/continuation_native_driver.py", line 201, in main
E         execute_phase(subject,PHASES[0],authorize,executor_identity,scope=scope)
E       File "/private/tmp/ppo_mec_g14r20_e_review/scripts/continuation_executor/execution.py", line 44, in execute_phase
E         with SingleWriter(str(run.run_root), digest(executor_identity), authorize,
E       File "/private/tmp/ppo_mec_g14r20_e_review/scripts/continuation_executor/locking.py", line 63, in __enter__
E         "process": process_identity(os.getpid()), "executor_sha256": self.executor_sha256}
E       File "/private/tmp/ppo_mec_g14r20_e_review/scripts/continuation_executor/locking.py", line 16, in process_identity
E         result = subprocess.run(["ps", "-p", str(pid), "-o", "lstart="], text=True,
E       File "/Library/Developer/CommandLineTools/Library/Frameworks/Python3.framework/Versions/3.9/lib/python3.9/subprocess.py", line 505, in run
E         with Popen(*popenargs, **kwargs) as process:
E       File "/Library/Developer/CommandLineTools/Library/Frameworks/Python3.framework/Versions/3.9/lib/python3.9/subprocess.py", line 951, in __init__
E         self._execute_child(args, executable, preexec_fn, close_fds,
E       File "/Library/Developer/CommandLineTools/Library/Frameworks/Python3.framework/Versions/3.9/lib/python3.9/subprocess.py", line 1821, in _execute_child
E         raise child_exception_type(errno_num, err_msg, err_filename)
E     PermissionError: [Errno 1] Operation not permitted: 'ps'
E     Traceback (most recent call last):
E       File "/private/tmp/ppo_mec_g14r20_e_review/tests/continuation_native_driver.py", line 296, in &lt;module&gt;
E         if __name__ == "__main__": main()
E       File "/private/tmp/ppo_mec_g14r20_e_review/tests/continuation_native_driver.py", line 204, in main
E         assert os.WIFEXITED(status) and os.WEXITSTATUS(status)==17
E     AssertionError
E
E   assert 1 == 0
E    +  where 1 = CompletedProcess(args=['/Users/howen/Projects/PPO_MEC/.venv/bin/python', '-I', '-B', '/private/tmp/ppo_mec_g14r20_e_re...ative_driver.py", line 204, in main\n    assert os.WIFEXITED(status) and os.WEXITSTATUS(status)==17\nAssertionError\n').returncode</failure></testcase><testcase classname="tests.test_continuation_production_trust" name="test_v2_native_transactions_and_restart[duplicate_committed]" time="2.098"><failure message="AssertionError: Traceback (most recent call last):&#10;    File &quot;/private/tmp/ppo_mec_g14r20_e_review/tests/continuation_native_driver.py&quot;, line 296, in &lt;module&gt;&#10;      if __name__ == &quot;__main__&quot;: main()&#10;    File &quot;/private/tmp/ppo_mec_g14r20_e_review/tests/continuation_native_driver.py&quot;, line 247, in main&#10;      results.append(execute_phase(subject,name,authorize,executor_identity,scope=scope))&#10;    File &quot;/private/tmp/ppo_mec_g14r20_e_review/scripts/continuation_executor/execution.py&quot;, line 44, in execute_phase&#10;      with SingleWriter(str(run.run_root), digest(executor_identity), authorize,&#10;    File &quot;/private/tmp/ppo_mec_g14r20_e_review/scripts/continuation_executor/locking.py&quot;, line 63, in __enter__&#10;      &quot;process&quot;: process_identity(os.getpid()), &quot;executor_sha256&quot;: self.executor_sha256}&#10;    File &quot;/private/tmp/ppo_mec_g14r20_e_review/scripts/continuation_executor/locking.py&quot;, line 16, in process_identity&#10;      result = subprocess.run([&quot;ps&quot;, &quot;-p&quot;, str(pid), &quot;-o&quot;, &quot;lstart=&quot;], text=True,&#10;    File &quot;/Library/Developer/CommandLineTools/Library/Frameworks/Python3.framework/Versions/3.9/lib/python3.9/subprocess.py&quot;, line 505, in run&#10;      with Popen(*popenargs, **kwargs) as process:&#10;    File &quot;/Library/Developer/CommandLineTools/Library/Frameworks/Python3.framework/Versions/3.9/lib/python3.9/subprocess.py&quot;, line 951, in __init__&#10;      self._execute_child(args, executable, preexec_fn, close_fds,&#10;    File &quot;/Library/Developer/CommandLineTools/Library/Frameworks/Python3.framework/Versions/3.9/lib/python3.9/subprocess.py&quot;, line 1821, in _execute_child&#10;      raise child_exception_type(errno_num, err_msg, err_filename)&#10;  PermissionError: [Errno 1] Operation not permitted: 'ps'&#10;  &#10;assert 1 == 0&#10; +  where 1 = CompletedProcess(args=['/Users/howen/Projects/PPO_MEC/.venv/bin/python', '-I', '-B', '/private/tmp/ppo_mec_g14r20_e_re... child_exception_type(errno_num, err_msg, err_filename)\nPermissionError: [Errno 1] Operation not permitted: \'ps\'\n').returncode">tests/test_continuation_production_trust.py:214: in test_v2_native_transactions_and_restart
    assert result.returncode == 0, result.stderr
E   AssertionError: Traceback (most recent call last):
E       File "/private/tmp/ppo_mec_g14r20_e_review/tests/continuation_native_driver.py", line 296, in &lt;module&gt;
E         if __name__ == "__main__": main()
E       File "/private/tmp/ppo_mec_g14r20_e_review/tests/continuation_native_driver.py", line 247, in main
E         results.append(execute_phase(subject,name,authorize,executor_identity,scope=scope))
E       File "/private/tmp/ppo_mec_g14r20_e_review/scripts/continuation_executor/execution.py", line 44, in execute_phase
E         with SingleWriter(str(run.run_root), digest(executor_identity), authorize,
E       File "/private/tmp/ppo_mec_g14r20_e_review/scripts/continuation_executor/locking.py", line 63, in __enter__
E         "process": process_identity(os.getpid()), "executor_sha256": self.executor_sha256}
E       File "/private/tmp/ppo_mec_g14r20_e_review/scripts/continuation_executor/locking.py", line 16, in process_identity
E         result = subprocess.run(["ps", "-p", str(pid), "-o", "lstart="], text=True,
E       File "/Library/Developer/CommandLineTools/Library/Frameworks/Python3.framework/Versions/3.9/lib/python3.9/subprocess.py", line 505, in run
E         with Popen(*popenargs, **kwargs) as process:
E       File "/Library/Developer/CommandLineTools/Library/Frameworks/Python3.framework/Versions/3.9/lib/python3.9/subprocess.py", line 951, in __init__
E         self._execute_child(args, executable, preexec_fn, close_fds,
E       File "/Library/Developer/CommandLineTools/Library/Frameworks/Python3.framework/Versions/3.9/lib/python3.9/subprocess.py", line 1821, in _execute_child
E         raise child_exception_type(errno_num, err_msg, err_filename)
E     PermissionError: [Errno 1] Operation not permitted: 'ps'
E
E   assert 1 == 0
E    +  where 1 = CompletedProcess(args=['/Users/howen/Projects/PPO_MEC/.venv/bin/python', '-I', '-B', '/private/tmp/ppo_mec_g14r20_e_re... child_exception_type(errno_num, err_msg, err_filename)\nPermissionError: [Errno 1] Operation not permitted: \'ps\'\n').returncode</failure></testcase><testcase classname="tests.test_continuation_production_trust" name="test_v2_native_transactions_and_restart[gate_missing]" time="2.117"><failure message="AssertionError: Traceback (most recent call last):&#10;    File &quot;/private/tmp/ppo_mec_g14r20_e_review/tests/continuation_native_driver.py&quot;, line 296, in &lt;module&gt;&#10;      if __name__ == &quot;__main__&quot;: main()&#10;    File &quot;/private/tmp/ppo_mec_g14r20_e_review/tests/continuation_native_driver.py&quot;, line 247, in main&#10;      results.append(execute_phase(subject,name,authorize,executor_identity,scope=scope))&#10;    File &quot;/private/tmp/ppo_mec_g14r20_e_review/scripts/continuation_executor/execution.py&quot;, line 44, in execute_phase&#10;      with SingleWriter(str(run.run_root), digest(executor_identity), authorize,&#10;    File &quot;/private/tmp/ppo_mec_g14r20_e_review/scripts/continuation_executor/locking.py&quot;, line 63, in __enter__&#10;      &quot;process&quot;: process_identity(os.getpid()), &quot;executor_sha256&quot;: self.executor_sha256}&#10;    File &quot;/private/tmp/ppo_mec_g14r20_e_review/scripts/continuation_executor/locking.py&quot;, line 16, in process_identity&#10;      result = subprocess.run([&quot;ps&quot;, &quot;-p&quot;, str(pid), &quot;-o&quot;, &quot;lstart=&quot;], text=True,&#10;    File &quot;/Library/Developer/CommandLineTools/Library/Frameworks/Python3.framework/Versions/3.9/lib/python3.9/subprocess.py&quot;, line 505, in run&#10;      with Popen(*popenargs, **kwargs) as process:&#10;    File &quot;/Library/Developer/CommandLineTools/Library/Frameworks/Python3.framework/Versions/3.9/lib/python3.9/subprocess.py&quot;, line 951, in __init__&#10;      self._execute_child(args, executable, preexec_fn, close_fds,&#10;    File &quot;/Library/Developer/CommandLineTools/Library/Frameworks/Python3.framework/Versions/3.9/lib/python3.9/subprocess.py&quot;, line 1821, in _execute_child&#10;      raise child_exception_type(errno_num, err_msg, err_filename)&#10;  PermissionError: [Errno 1] Operation not permitted: 'ps'&#10;  &#10;assert 1 == 0&#10; +  where 1 = CompletedProcess(args=['/Users/howen/Projects/PPO_MEC/.venv/bin/python', '-I', '-B', '/private/tmp/ppo_mec_g14r20_e_re... child_exception_type(errno_num, err_msg, err_filename)\nPermissionError: [Errno 1] Operation not permitted: \'ps\'\n').returncode">tests/test_continuation_production_trust.py:214: in test_v2_native_transactions_and_restart
    assert result.returncode == 0, result.stderr
E   AssertionError: Traceback (most recent call last):
E       File "/private/tmp/ppo_mec_g14r20_e_review/tests/continuation_native_driver.py", line 296, in &lt;module&gt;
E         if __name__ == "__main__": main()
E       File "/private/tmp/ppo_mec_g14r20_e_review/tests/continuation_native_driver.py", line 247, in main
E         results.append(execute_phase(subject,name,authorize,executor_identity,scope=scope))
E       File "/private/tmp/ppo_mec_g14r20_e_review/scripts/continuation_executor/execution.py", line 44, in execute_phase
E         with SingleWriter(str(run.run_root), digest(executor_identity), authorize,
E       File "/private/tmp/ppo_mec_g14r20_e_review/scripts/continuation_executor/locking.py", line 63, in __enter__
E         "process": process_identity(os.getpid()), "executor_sha256": self.executor_sha256}
E       File "/private/tmp/ppo_mec_g14r20_e_review/scripts/continuation_executor/locking.py", line 16, in process_identity
E         result = subprocess.run(["ps", "-p", str(pid), "-o", "lstart="], text=True,
E       File "/Library/Developer/CommandLineTools/Library/Frameworks/Python3.framework/Versions/3.9/lib/python3.9/subprocess.py", line 505, in run
E         with Popen(*popenargs, **kwargs) as process:
E       File "/Library/Developer/CommandLineTools/Library/Frameworks/Python3.framework/Versions/3.9/lib/python3.9/subprocess.py", line 951, in __init__
E         self._execute_child(args, executable, preexec_fn, close_fds,
E       File "/Library/Developer/CommandLineTools/Library/Frameworks/Python3.framework/Versions/3.9/lib/python3.9/subprocess.py", line 1821, in _execute_child
E         raise child_exception_type(errno_num, err_msg, err_filename)
E     PermissionError: [Errno 1] Operation not permitted: 'ps'
E
E   assert 1 == 0
E    +  where 1 = CompletedProcess(args=['/Users/howen/Projects/PPO_MEC/.venv/bin/python', '-I', '-B', '/private/tmp/ppo_mec_g14r20_e_re... child_exception_type(errno_num, err_msg, err_filename)\nPermissionError: [Errno 1] Operation not permitted: \'ps\'\n').returncode</failure></testcase><testcase classname="tests.test_continuation_production_trust" name="test_v2_native_transactions_and_restart[gate_false]" time="2.112"><failure message="AssertionError: Traceback (most recent call last):&#10;    File &quot;/private/tmp/ppo_mec_g14r20_e_review/tests/continuation_native_driver.py&quot;, line 296, in &lt;module&gt;&#10;      if __name__ == &quot;__main__&quot;: main()&#10;    File &quot;/private/tmp/ppo_mec_g14r20_e_review/tests/continuation_native_driver.py&quot;, line 247, in main&#10;      results.append(execute_phase(subject,name,authorize,executor_identity,scope=scope))&#10;    File &quot;/private/tmp/ppo_mec_g14r20_e_review/scripts/continuation_executor/execution.py&quot;, line 44, in execute_phase&#10;      with SingleWriter(str(run.run_root), digest(executor_identity), authorize,&#10;    File &quot;/private/tmp/ppo_mec_g14r20_e_review/scripts/continuation_executor/locking.py&quot;, line 63, in __enter__&#10;      &quot;process&quot;: process_identity(os.getpid()), &quot;executor_sha256&quot;: self.executor_sha256}&#10;    File &quot;/private/tmp/ppo_mec_g14r20_e_review/scripts/continuation_executor/locking.py&quot;, line 16, in process_identity&#10;      result = subprocess.run([&quot;ps&quot;, &quot;-p&quot;, str(pid), &quot;-o&quot;, &quot;lstart=&quot;], text=True,&#10;    File &quot;/Library/Developer/CommandLineTools/Library/Frameworks/Python3.framework/Versions/3.9/lib/python3.9/subprocess.py&quot;, line 505, in run&#10;      with Popen(*popenargs, **kwargs) as process:&#10;    File &quot;/Library/Developer/CommandLineTools/Library/Frameworks/Python3.framework/Versions/3.9/lib/python3.9/subprocess.py&quot;, line 951, in __init__&#10;      self._execute_child(args, executable, preexec_fn, close_fds,&#10;    File &quot;/Library/Developer/CommandLineTools/Library/Frameworks/Python3.framework/Versions/3.9/lib/python3.9/subprocess.py&quot;, line 1821, in _execute_child&#10;      raise child_exception_type(errno_num, err_msg, err_filename)&#10;  PermissionError: [Errno 1] Operation not permitted: 'ps'&#10;  &#10;assert 1 == 0&#10; +  where 1 = CompletedProcess(args=['/Users/howen/Projects/PPO_MEC/.venv/bin/python', '-I', '-B', '/private/tmp/ppo_mec_g14r20_e_re... child_exception_type(errno_num, err_msg, err_filename)\nPermissionError: [Errno 1] Operation not permitted: \'ps\'\n').returncode">tests/test_continuation_production_trust.py:214: in test_v2_native_transactions_and_restart
    assert result.returncode == 0, result.stderr
E   AssertionError: Traceback (most recent call last):
E       File "/private/tmp/ppo_mec_g14r20_e_review/tests/continuation_native_driver.py", line 296, in &lt;module&gt;
E         if __name__ == "__main__": main()
E       File "/private/tmp/ppo_mec_g14r20_e_review/tests/continuation_native_driver.py", line 247, in main
E         results.append(execute_phase(subject,name,authorize,executor_identity,scope=scope))
E       File "/private/tmp/ppo_mec_g14r20_e_review/scripts/continuation_executor/execution.py", line 44, in execute_phase
E         with SingleWriter(str(run.run_root), digest(executor_identity), authorize,
E       File "/private/tmp/ppo_mec_g14r20_e_review/scripts/continuation_executor/locking.py", line 63, in __enter__
E         "process": process_identity(os.getpid()), "executor_sha256": self.executor_sha256}
E       File "/private/tmp/ppo_mec_g14r20_e_review/scripts/continuation_executor/locking.py", line 16, in process_identity
E         result = subprocess.run(["ps", "-p", str(pid), "-o", "lstart="], text=True,
E       File "/Library/Developer/CommandLineTools/Library/Frameworks/Python3.framework/Versions/3.9/lib/python3.9/subprocess.py", line 505, in run
E         with Popen(*popenargs, **kwargs) as process:
E       File "/Library/Developer/CommandLineTools/Library/Frameworks/Python3.framework/Versions/3.9/lib/python3.9/subprocess.py", line 951, in __init__
E         self._execute_child(args, executable, preexec_fn, close_fds,
E       File "/Library/Developer/CommandLineTools/Library/Frameworks/Python3.framework/Versions/3.9/lib/python3.9/subprocess.py", line 1821, in _execute_child
E         raise child_exception_type(errno_num, err_msg, err_filename)
E     PermissionError: [Errno 1] Operation not permitted: 'ps'
E
E   assert 1 == 0
E    +  where 1 = CompletedProcess(args=['/Users/howen/Projects/PPO_MEC/.venv/bin/python', '-I', '-B', '/private/tmp/ppo_mec_g14r20_e_re... child_exception_type(errno_num, err_msg, err_filename)\nPermissionError: [Errno 1] Operation not permitted: \'ps\'\n').returncode</failure></testcase><testcase classname="tests.test_continuation_production_trust" name="test_v2_native_transactions_and_restart[revoke_during_phase]" time="2.140"><failure message="AssertionError: Traceback (most recent call last):&#10;    File &quot;/private/tmp/ppo_mec_g14r20_e_review/tests/continuation_native_driver.py&quot;, line 296, in &lt;module&gt;&#10;      if __name__ == &quot;__main__&quot;: main()&#10;    File &quot;/private/tmp/ppo_mec_g14r20_e_review/tests/continuation_native_driver.py&quot;, line 169, in main&#10;      result=execute_phase(subject,PHASES[0],authorize,executor_identity,scope=scope)&#10;    File &quot;/private/tmp/ppo_mec_g14r20_e_review/scripts/continuation_executor/execution.py&quot;, line 44, in execute_phase&#10;      with SingleWriter(str(run.run_root), digest(executor_identity), authorize,&#10;    File &quot;/private/tmp/ppo_mec_g14r20_e_review/scripts/continuation_executor/locking.py&quot;, line 63, in __enter__&#10;      &quot;process&quot;: process_identity(os.getpid()), &quot;executor_sha256&quot;: self.executor_sha256}&#10;    File &quot;/private/tmp/ppo_mec_g14r20_e_review/scripts/continuation_executor/locking.py&quot;, line 16, in process_identity&#10;      result = subprocess.run([&quot;ps&quot;, &quot;-p&quot;, str(pid), &quot;-o&quot;, &quot;lstart=&quot;], text=True,&#10;    File &quot;/Library/Developer/CommandLineTools/Library/Frameworks/Python3.framework/Versions/3.9/lib/python3.9/subprocess.py&quot;, line 505, in run&#10;      with Popen(*popenargs, **kwargs) as process:&#10;    File &quot;/Library/Developer/CommandLineTools/Library/Frameworks/Python3.framework/Versions/3.9/lib/python3.9/subprocess.py&quot;, line 951, in __init__&#10;      self._execute_child(args, executable, preexec_fn, close_fds,&#10;    File &quot;/Library/Developer/CommandLineTools/Library/Frameworks/Python3.framework/Versions/3.9/lib/python3.9/subprocess.py&quot;, line 1821, in _execute_child&#10;      raise child_exception_type(errno_num, err_msg, err_filename)&#10;  PermissionError: [Errno 1] Operation not permitted: 'ps'&#10;  &#10;assert 1 == 0&#10; +  where 1 = CompletedProcess(args=['/Users/howen/Projects/PPO_MEC/.venv/bin/python', '-I', '-B', '/private/tmp/ppo_mec_g14r20_e_re... child_exception_type(errno_num, err_msg, err_filename)\nPermissionError: [Errno 1] Operation not permitted: \'ps\'\n').returncode">tests/test_continuation_production_trust.py:214: in test_v2_native_transactions_and_restart
    assert result.returncode == 0, result.stderr
E   AssertionError: Traceback (most recent call last):
E       File "/private/tmp/ppo_mec_g14r20_e_review/tests/continuation_native_driver.py", line 296, in &lt;module&gt;
E         if __name__ == "__main__": main()
E       File "/private/tmp/ppo_mec_g14r20_e_review/tests/continuation_native_driver.py", line 169, in main
E         result=execute_phase(subject,PHASES[0],authorize,executor_identity,scope=scope)
E       File "/private/tmp/ppo_mec_g14r20_e_review/scripts/continuation_executor/execution.py", line 44, in execute_phase
E         with SingleWriter(str(run.run_root), digest(executor_identity), authorize,
E       File "/private/tmp/ppo_mec_g14r20_e_review/scripts/continuation_executor/locking.py", line 63, in __enter__
E         "process": process_identity(os.getpid()), "executor_sha256": self.executor_sha256}
E       File "/private/tmp/ppo_mec_g14r20_e_review/scripts/continuation_executor/locking.py", line 16, in process_identity
E         result = subprocess.run(["ps", "-p", str(pid), "-o", "lstart="], text=True,
E       File "/Library/Developer/CommandLineTools/Library/Frameworks/Python3.framework/Versions/3.9/lib/python3.9/subprocess.py", line 505, in run
E         with Popen(*popenargs, **kwargs) as process:
E       File "/Library/Developer/CommandLineTools/Library/Frameworks/Python3.framework/Versions/3.9/lib/python3.9/subprocess.py", line 951, in __init__
E         self._execute_child(args, executable, preexec_fn, close_fds,
E       File "/Library/Developer/CommandLineTools/Library/Frameworks/Python3.framework/Versions/3.9/lib/python3.9/subprocess.py", line 1821, in _execute_child
E         raise child_exception_type(errno_num, err_msg, err_filename)
E     PermissionError: [Errno 1] Operation not permitted: 'ps'
E
E   assert 1 == 0
E    +  where 1 = CompletedProcess(args=['/Users/howen/Projects/PPO_MEC/.venv/bin/python', '-I', '-B', '/private/tmp/ppo_mec_g14r20_e_re... child_exception_type(errno_num, err_msg, err_filename)\nPermissionError: [Errno 1] Operation not permitted: \'ps\'\n').returncode</failure></testcase><testcase classname="tests.test_continuation_production_trust" name="test_v2_native_transactions_and_restart[revoke_retry]" time="2.034"><failure message="AssertionError: Traceback (most recent call last):&#10;    File &quot;/private/tmp/ppo_mec_g14r20_e_review/tests/continuation_native_driver.py&quot;, line 296, in &lt;module&gt;&#10;      if __name__ == &quot;__main__&quot;: main()&#10;    File &quot;/private/tmp/ppo_mec_g14r20_e_review/tests/continuation_native_driver.py&quot;, line 169, in main&#10;      result=execute_phase(subject,PHASES[0],authorize,executor_identity,scope=scope)&#10;    File &quot;/private/tmp/ppo_mec_g14r20_e_review/scripts/continuation_executor/execution.py&quot;, line 44, in execute_phase&#10;      with SingleWriter(str(run.run_root), digest(executor_identity), authorize,&#10;    File &quot;/private/tmp/ppo_mec_g14r20_e_review/scripts/continuation_executor/locking.py&quot;, line 63, in __enter__&#10;      &quot;process&quot;: process_identity(os.getpid()), &quot;executor_sha256&quot;: self.executor_sha256}&#10;    File &quot;/private/tmp/ppo_mec_g14r20_e_review/scripts/continuation_executor/locking.py&quot;, line 16, in process_identity&#10;      result = subprocess.run([&quot;ps&quot;, &quot;-p&quot;, str(pid), &quot;-o&quot;, &quot;lstart=&quot;], text=True,&#10;    File &quot;/Library/Developer/CommandLineTools/Library/Frameworks/Python3.framework/Versions/3.9/lib/python3.9/subprocess.py&quot;, line 505, in run&#10;      with Popen(*popenargs, **kwargs) as process:&#10;    File &quot;/Library/Developer/CommandLineTools/Library/Frameworks/Python3.framework/Versions/3.9/lib/python3.9/subprocess.py&quot;, line 951, in __init__&#10;      self._execute_child(args, executable, preexec_fn, close_fds,&#10;    File &quot;/Library/Developer/CommandLineTools/Library/Frameworks/Python3.framework/Versions/3.9/lib/python3.9/subprocess.py&quot;, line 1821, in _execute_child&#10;      raise child_exception_type(errno_num, err_msg, err_filename)&#10;  PermissionError: [Errno 1] Operation not permitted: 'ps'&#10;  &#10;assert 1 == 0&#10; +  where 1 = CompletedProcess(args=['/Users/howen/Projects/PPO_MEC/.venv/bin/python', '-I', '-B', '/private/tmp/ppo_mec_g14r20_e_re... child_exception_type(errno_num, err_msg, err_filename)\nPermissionError: [Errno 1] Operation not permitted: \'ps\'\n').returncode">tests/test_continuation_production_trust.py:214: in test_v2_native_transactions_and_restart
    assert result.returncode == 0, result.stderr
E   AssertionError: Traceback (most recent call last):
E       File "/private/tmp/ppo_mec_g14r20_e_review/tests/continuation_native_driver.py", line 296, in &lt;module&gt;
E         if __name__ == "__main__": main()
E       File "/private/tmp/ppo_mec_g14r20_e_review/tests/continuation_native_driver.py", line 169, in main
E         result=execute_phase(subject,PHASES[0],authorize,executor_identity,scope=scope)
E       File "/private/tmp/ppo_mec_g14r20_e_review/scripts/continuation_executor/execution.py", line 44, in execute_phase
E         with SingleWriter(str(run.run_root), digest(executor_identity), authorize,
E       File "/private/tmp/ppo_mec_g14r20_e_review/scripts/continuation_executor/locking.py", line 63, in __enter__
E         "process": process_identity(os.getpid()), "executor_sha256": self.executor_sha256}
E       File "/private/tmp/ppo_mec_g14r20_e_review/scripts/continuation_executor/locking.py", line 16, in process_identity
E         result = subprocess.run(["ps", "-p", str(pid), "-o", "lstart="], text=True,
E       File "/Library/Developer/CommandLineTools/Library/Frameworks/Python3.framework/Versions/3.9/lib/python3.9/subprocess.py", line 505, in run
E         with Popen(*popenargs, **kwargs) as process:
E       File "/Library/Developer/CommandLineTools/Library/Frameworks/Python3.framework/Versions/3.9/lib/python3.9/subprocess.py", line 951, in __init__
E         self._execute_child(args, executable, preexec_fn, close_fds,
E       File "/Library/Developer/CommandLineTools/Library/Frameworks/Python3.framework/Versions/3.9/lib/python3.9/subprocess.py", line 1821, in _execute_child
E         raise child_exception_type(errno_num, err_msg, err_filename)
E     PermissionError: [Errno 1] Operation not permitted: 'ps'
E
E   assert 1 == 0
E    +  where 1 = CompletedProcess(args=['/Users/howen/Projects/PPO_MEC/.venv/bin/python', '-I', '-B', '/private/tmp/ppo_mec_g14r20_e_re... child_exception_type(errno_num, err_msg, err_filename)\nPermissionError: [Errno 1] Operation not permitted: \'ps\'\n').returncode</failure></testcase><testcase classname="tests.test_continuation_production_trust" name="test_v2_native_transactions_and_restart[candidate_crash_revoked]" time="2.189"><failure message="AssertionError: Traceback (most recent call last):&#10;    File &quot;/private/tmp/ppo_mec_g14r20_e_review/tests/continuation_native_driver.py&quot;, line 296, in &lt;module&gt;&#10;      if __name__ == &quot;__main__&quot;: main()&#10;    File &quot;/private/tmp/ppo_mec_g14r20_e_review/tests/continuation_native_driver.py&quot;, line 201, in main&#10;      execute_phase(subject,PHASES[0],authorize,executor_identity,scope=scope)&#10;    File &quot;/private/tmp/ppo_mec_g14r20_e_review/scripts/continuation_executor/execution.py&quot;, line 44, in execute_phase&#10;      with SingleWriter(str(run.run_root), digest(executor_identity), authorize,&#10;    File &quot;/private/tmp/ppo_mec_g14r20_e_review/scripts/continuation_executor/locking.py&quot;, line 63, in __enter__&#10;      &quot;process&quot;: process_identity(os.getpid()), &quot;executor_sha256&quot;: self.executor_sha256}&#10;    File &quot;/private/tmp/ppo_mec_g14r20_e_review/scripts/continuation_executor/locking.py&quot;, line 16, in process_identity&#10;      result = subprocess.run([&quot;ps&quot;, &quot;-p&quot;, str(pid), &quot;-o&quot;, &quot;lstart=&quot;], text=True,&#10;    File &quot;/Library/Developer/CommandLineTools/Library/Frameworks/Python3.framework/Versions/3.9/lib/python3.9/subprocess.py&quot;, line 505, in run&#10;      with Popen(*popenargs, **kwargs) as process:&#10;    File &quot;/Library/Developer/CommandLineTools/Library/Frameworks/Python3.framework/Versions/3.9/lib/python3.9/subprocess.py&quot;, line 951, in __init__&#10;      self._execute_child(args, executable, preexec_fn, close_fds,&#10;    File &quot;/Library/Developer/CommandLineTools/Library/Frameworks/Python3.framework/Versions/3.9/lib/python3.9/subprocess.py&quot;, line 1821, in _execute_child&#10;      raise child_exception_type(errno_num, err_msg, err_filename)&#10;  PermissionError: [Errno 1] Operation not permitted: 'ps'&#10;  Traceback (most recent call last):&#10;    File &quot;/private/tmp/ppo_mec_g14r20_e_review/tests/continuation_native_driver.py&quot;, line 296, in &lt;module&gt;&#10;      if __name__ == &quot;__main__&quot;: main()&#10;    File &quot;/private/tmp/ppo_mec_g14r20_e_review/tests/continuation_native_driver.py&quot;, line 204, in main&#10;      assert os.WIFEXITED(status) and os.WEXITSTATUS(status)==17&#10;  AssertionError&#10;  &#10;assert 1 == 0&#10; +  where 1 = CompletedProcess(args=['/Users/howen/Projects/PPO_MEC/.venv/bin/python', '-I', '-B', '/private/tmp/ppo_mec_g14r20_e_re...ative_driver.py&quot;, line 204, in main\n    assert os.WIFEXITED(status) and os.WEXITSTATUS(status)==17\nAssertionError\n').returncode">tests/test_continuation_production_trust.py:214: in test_v2_native_transactions_and_restart
    assert result.returncode == 0, result.stderr
E   AssertionError: Traceback (most recent call last):
E       File "/private/tmp/ppo_mec_g14r20_e_review/tests/continuation_native_driver.py", line 296, in &lt;module&gt;
E         if __name__ == "__main__": main()
E       File "/private/tmp/ppo_mec_g14r20_e_review/tests/continuation_native_driver.py", line 201, in main
E         execute_phase(subject,PHASES[0],authorize,executor_identity,scope=scope)
E       File "/private/tmp/ppo_mec_g14r20_e_review/scripts/continuation_executor/execution.py", line 44, in execute_phase
E         with SingleWriter(str(run.run_root), digest(executor_identity), authorize,
E       File "/private/tmp/ppo_mec_g14r20_e_review/scripts/continuation_executor/locking.py", line 63, in __enter__
E         "process": process_identity(os.getpid()), "executor_sha256": self.executor_sha256}
E       File "/private/tmp/ppo_mec_g14r20_e_review/scripts/continuation_executor/locking.py", line 16, in process_identity
E         result = subprocess.run(["ps", "-p", str(pid), "-o", "lstart="], text=True,
E       File "/Library/Developer/CommandLineTools/Library/Frameworks/Python3.framework/Versions/3.9/lib/python3.9/subprocess.py", line 505, in run
E         with Popen(*popenargs, **kwargs) as process:
E       File "/Library/Developer/CommandLineTools/Library/Frameworks/Python3.framework/Versions/3.9/lib/python3.9/subprocess.py", line 951, in __init__
E         self._execute_child(args, executable, preexec_fn, close_fds,
E       File "/Library/Developer/CommandLineTools/Library/Frameworks/Python3.framework/Versions/3.9/lib/python3.9/subprocess.py", line 1821, in _execute_child
E         raise child_exception_type(errno_num, err_msg, err_filename)
E     PermissionError: [Errno 1] Operation not permitted: 'ps'
E     Traceback (most recent call last):
E       File "/private/tmp/ppo_mec_g14r20_e_review/tests/continuation_native_driver.py", line 296, in &lt;module&gt;
E         if __name__ == "__main__": main()
E       File "/private/tmp/ppo_mec_g14r20_e_review/tests/continuation_native_driver.py", line 204, in main
E         assert os.WIFEXITED(status) and os.WEXITSTATUS(status)==17
E     AssertionError
E
E   assert 1 == 0
E    +  where 1 = CompletedProcess(args=['/Users/howen/Projects/PPO_MEC/.venv/bin/python', '-I', '-B', '/private/tmp/ppo_mec_g14r20_e_re...ative_driver.py", line 204, in main\n    assert os.WIFEXITED(status) and os.WEXITSTATUS(status)==17\nAssertionError\n').returncode</failure></testcase><testcase classname="tests.test_continuation_production_trust" name="test_v2_native_transactions_and_restart[expire_during_phase]" time="2.045"><failure message="AssertionError: Traceback (most recent call last):&#10;    File &quot;/private/tmp/ppo_mec_g14r20_e_review/tests/continuation_native_driver.py&quot;, line 296, in &lt;module&gt;&#10;      if __name__ == &quot;__main__&quot;: main()&#10;    File &quot;/private/tmp/ppo_mec_g14r20_e_review/tests/continuation_native_driver.py&quot;, line 169, in main&#10;      result=execute_phase(subject,PHASES[0],authorize,executor_identity,scope=scope)&#10;    File &quot;/private/tmp/ppo_mec_g14r20_e_review/scripts/continuation_executor/execution.py&quot;, line 44, in execute_phase&#10;      with SingleWriter(str(run.run_root), digest(executor_identity), authorize,&#10;    File &quot;/private/tmp/ppo_mec_g14r20_e_review/scripts/continuation_executor/locking.py&quot;, line 63, in __enter__&#10;      &quot;process&quot;: process_identity(os.getpid()), &quot;executor_sha256&quot;: self.executor_sha256}&#10;    File &quot;/private/tmp/ppo_mec_g14r20_e_review/scripts/continuation_executor/locking.py&quot;, line 16, in process_identity&#10;      result = subprocess.run([&quot;ps&quot;, &quot;-p&quot;, str(pid), &quot;-o&quot;, &quot;lstart=&quot;], text=True,&#10;    File &quot;/Library/Developer/CommandLineTools/Library/Frameworks/Python3.framework/Versions/3.9/lib/python3.9/subprocess.py&quot;, line 505, in run&#10;      with Popen(*popenargs, **kwargs) as process:&#10;    File &quot;/Library/Developer/CommandLineTools/Library/Frameworks/Python3.framework/Versions/3.9/lib/python3.9/subprocess.py&quot;, line 951, in __init__&#10;      self._execute_child(args, executable, preexec_fn, close_fds,&#10;    File &quot;/Library/Developer/CommandLineTools/Library/Frameworks/Python3.framework/Versions/3.9/lib/python3.9/subprocess.py&quot;, line 1821, in _execute_child&#10;      raise child_exception_type(errno_num, err_msg, err_filename)&#10;  PermissionError: [Errno 1] Operation not permitted: 'ps'&#10;  &#10;assert 1 == 0&#10; +  where 1 = CompletedProcess(args=['/Users/howen/Projects/PPO_MEC/.venv/bin/python', '-I', '-B', '/private/tmp/ppo_mec_g14r20_e_re... child_exception_type(errno_num, err_msg, err_filename)\nPermissionError: [Errno 1] Operation not permitted: \'ps\'\n').returncode">tests/test_continuation_production_trust.py:214: in test_v2_native_transactions_and_restart
    assert result.returncode == 0, result.stderr
E   AssertionError: Traceback (most recent call last):
E       File "/private/tmp/ppo_mec_g14r20_e_review/tests/continuation_native_driver.py", line 296, in &lt;module&gt;
E         if __name__ == "__main__": main()
E       File "/private/tmp/ppo_mec_g14r20_e_review/tests/continuation_native_driver.py", line 169, in main
E         result=execute_phase(subject,PHASES[0],authorize,executor_identity,scope=scope)
E       File "/private/tmp/ppo_mec_g14r20_e_review/scripts/continuation_executor/execution.py", line 44, in execute_phase
E         with SingleWriter(str(run.run_root), digest(executor_identity), authorize,
E       File "/private/tmp/ppo_mec_g14r20_e_review/scripts/continuation_executor/locking.py", line 63, in __enter__
E         "process": process_identity(os.getpid()), "executor_sha256": self.executor_sha256}
E       File "/private/tmp/ppo_mec_g14r20_e_review/scripts/continuation_executor/locking.py", line 16, in process_identity
E         result = subprocess.run(["ps", "-p", str(pid), "-o", "lstart="], text=True,
E       File "/Library/Developer/CommandLineTools/Library/Frameworks/Python3.framework/Versions/3.9/lib/python3.9/subprocess.py", line 505, in run
E         with Popen(*popenargs, **kwargs) as process:
E       File "/Library/Developer/CommandLineTools/Library/Frameworks/Python3.framework/Versions/3.9/lib/python3.9/subprocess.py", line 951, in __init__
E         self._execute_child(args, executable, preexec_fn, close_fds,
E       File "/Library/Developer/CommandLineTools/Library/Frameworks/Python3.framework/Versions/3.9/lib/python3.9/subprocess.py", line 1821, in _execute_child
E         raise child_exception_type(errno_num, err_msg, err_filename)
E     PermissionError: [Errno 1] Operation not permitted: 'ps'
E
E   assert 1 == 0
E    +  where 1 = CompletedProcess(args=['/Users/howen/Projects/PPO_MEC/.venv/bin/python', '-I', '-B', '/private/tmp/ppo_mec_g14r20_e_re... child_exception_type(errno_num, err_msg, err_filename)\nPermissionError: [Errno 1] Operation not permitted: \'ps\'\n').returncode</failure></testcase><testcase classname="tests.test_continuation_production_trust" name="test_v2_native_transactions_and_restart[utc_adjustment]" time="2.096"><failure message="AssertionError: Traceback (most recent call last):&#10;    File &quot;/private/tmp/ppo_mec_g14r20_e_review/tests/continuation_native_driver.py&quot;, line 296, in &lt;module&gt;&#10;      if __name__ == &quot;__main__&quot;: main()&#10;    File &quot;/private/tmp/ppo_mec_g14r20_e_review/tests/continuation_native_driver.py&quot;, line 247, in main&#10;      results.append(execute_phase(subject,name,authorize,executor_identity,scope=scope))&#10;    File &quot;/private/tmp/ppo_mec_g14r20_e_review/scripts/continuation_executor/execution.py&quot;, line 44, in execute_phase&#10;      with SingleWriter(str(run.run_root), digest(executor_identity), authorize,&#10;    File &quot;/private/tmp/ppo_mec_g14r20_e_review/scripts/continuation_executor/locking.py&quot;, line 63, in __enter__&#10;      &quot;process&quot;: process_identity(os.getpid()), &quot;executor_sha256&quot;: self.executor_sha256}&#10;    File &quot;/private/tmp/ppo_mec_g14r20_e_review/scripts/continuation_executor/locking.py&quot;, line 16, in process_identity&#10;      result = subprocess.run([&quot;ps&quot;, &quot;-p&quot;, str(pid), &quot;-o&quot;, &quot;lstart=&quot;], text=True,&#10;    File &quot;/Library/Developer/CommandLineTools/Library/Frameworks/Python3.framework/Versions/3.9/lib/python3.9/subprocess.py&quot;, line 505, in run&#10;      with Popen(*popenargs, **kwargs) as process:&#10;    File &quot;/Library/Developer/CommandLineTools/Library/Frameworks/Python3.framework/Versions/3.9/lib/python3.9/subprocess.py&quot;, line 951, in __init__&#10;      self._execute_child(args, executable, preexec_fn, close_fds,&#10;    File &quot;/Library/Developer/CommandLineTools/Library/Frameworks/Python3.framework/Versions/3.9/lib/python3.9/subprocess.py&quot;, line 1821, in _execute_child&#10;      raise child_exception_type(errno_num, err_msg, err_filename)&#10;  PermissionError: [Errno 1] Operation not permitted: 'ps'&#10;  &#10;assert 1 == 0&#10; +  where 1 = CompletedProcess(args=['/Users/howen/Projects/PPO_MEC/.venv/bin/python', '-I', '-B', '/private/tmp/ppo_mec_g14r20_e_re... child_exception_type(errno_num, err_msg, err_filename)\nPermissionError: [Errno 1] Operation not permitted: \'ps\'\n').returncode">tests/test_continuation_production_trust.py:214: in test_v2_native_transactions_and_restart
    assert result.returncode == 0, result.stderr
E   AssertionError: Traceback (most recent call last):
E       File "/private/tmp/ppo_mec_g14r20_e_review/tests/continuation_native_driver.py", line 296, in &lt;module&gt;
E         if __name__ == "__main__": main()
E       File "/private/tmp/ppo_mec_g14r20_e_review/tests/continuation_native_driver.py", line 247, in main
E         results.append(execute_phase(subject,name,authorize,executor_identity,scope=scope))
E       File "/private/tmp/ppo_mec_g14r20_e_review/scripts/continuation_executor/execution.py", line 44, in execute_phase
E         with SingleWriter(str(run.run_root), digest(executor_identity), authorize,
E       File "/private/tmp/ppo_mec_g14r20_e_review/scripts/continuation_executor/locking.py", line 63, in __enter__
E         "process": process_identity(os.getpid()), "executor_sha256": self.executor_sha256}
E       File "/private/tmp/ppo_mec_g14r20_e_review/scripts/continuation_executor/locking.py", line 16, in process_identity
E         result = subprocess.run(["ps", "-p", str(pid), "-o", "lstart="], text=True,
E       File "/Library/Developer/CommandLineTools/Library/Frameworks/Python3.framework/Versions/3.9/lib/python3.9/subprocess.py", line 505, in run
E         with Popen(*popenargs, **kwargs) as process:
E       File "/Library/Developer/CommandLineTools/Library/Frameworks/Python3.framework/Versions/3.9/lib/python3.9/subprocess.py", line 951, in __init__
E         self._execute_child(args, executable, preexec_fn, close_fds,
E       File "/Library/Developer/CommandLineTools/Library/Frameworks/Python3.framework/Versions/3.9/lib/python3.9/subprocess.py", line 1821, in _execute_child
E         raise child_exception_type(errno_num, err_msg, err_filename)
E     PermissionError: [Errno 1] Operation not permitted: 'ps'
E
E   assert 1 == 0
E    +  where 1 = CompletedProcess(args=['/Users/howen/Projects/PPO_MEC/.venv/bin/python', '-I', '-B', '/private/tmp/ppo_mec_g14r20_e_re... child_exception_type(errno_num, err_msg, err_filename)\nPermissionError: [Errno 1] Operation not permitted: \'ps\'\n').returncode</failure></testcase><testcase classname="tests.test_continuation_production_trust" name="test_v2_native_transactions_and_restart[truncation]" time="2.034" /><testcase classname="tests.test_continuation_production_trust" name="test_v2_native_transactions_and_restart[fork]" time="2.039" /><testcase classname="tests.test_continuation_production_trust" name="test_v2_native_transactions_and_restart[out_of_order]" time="2.031" /><testcase classname="tests.test_continuation_production_trust" name="test_v2_native_transactions_and_restart[cross_ledger]" time="2.045" /><testcase classname="tests.test_continuation_production_trust" name="test_v2_native_transactions_and_restart[immutable_payload]" time="2.031" /><testcase classname="tests.test_continuation_production_trust" name="test_installation_boundary[installation_record]" time="0.003" /><testcase classname="tests.test_continuation_production_trust" name="test_installation_boundary[state_symlink]" time="0.004" /><testcase classname="tests.test_continuation_production_trust" name="test_installation_boundary[source_symlink]" time="0.004" /><testcase classname="tests.test_continuation_production_trust" name="test_installation_boundary[startup_missing]" time="0.004" /><testcase classname="tests.test_continuation_production_trust" name="test_installation_boundary[wrong_pin]" time="0.004" /><testcase classname="tests.test_continuation_production_trust" name="test_higher_sequence_cannot_erase_known_revocation[revoked_ids-test-approval]" time="0.007" /><testcase classname="tests.test_continuation_production_trust" name="test_higher_sequence_cannot_erase_known_revocation[untrusted_signers-approver]" time="0.007" /><testcase classname="tests.test_continuation_production_trust" name="test_higher_sequence_cannot_erase_known_revocation[untrusted_signers-revoker]" time="0.007" /><testcase classname="tests.test_continuation_production_trust" name="test_startup_challenge_blocks_replayed_checkpoint[rollback_to_bootstrap]" time="0.009" /><testcase classname="tests.test_continuation_production_trust" name="test_startup_challenge_blocks_replayed_checkpoint[old_receipt]" time="0.008" /><testcase classname="tests.test_continuation_production_trust" name="test_startup_challenge_blocks_replayed_checkpoint[bad_signature]" time="0.008" /><testcase classname="tests.test_continuation_production_trust" name="test_startup_challenge_blocks_replayed_checkpoint[stale_receipt]" time="0.008" /><testcase classname="tests.test_continuation_production_trust" name="test_fresh_custodian_receipt_detects_local_bootstrap_rollback" time="0.008" /><testcase classname="tests.test_continuation_production_trust" name="test_missing_startup_receipt_never_bootstraps" time="0.004" /><testcase classname="tests.test_continuation_production_trust" name="test_signed_approval_requires_revokeable_identifier[None]" time="0.003" /><testcase classname="tests.test_continuation_production_trust" name="test_signed_approval_requires_revokeable_identifier[]" time="0.003" /><testcase classname="tests.test_continuation_production_trust" name="test_signed_approval_requires_revokeable_identifier[   ]" time="0.003" /><testcase classname="tests.test_continuation_production_trust" name="test_signed_approval_requires_revokeable_identifier[3]" time="0.003" /><testcase classname="tests.test_continuation_production_trust" name="test_signed_approval_requires_revokeable_identifier[False]" time="0.003" /></testsuite></testsuites>