<?xml version="1.0" encoding="utf-8"?><testsuites name="pytest tests"><testsuite name="pytest" errors="0" failures="0" skipped="0" tests="70" time="0.248" timestamp="2026-09-10T15:55:26.761504+08:00" hostname="feiwendeMacBook-Air.local"><testcase classname="tests.test_project_continuation_authorization" name="test_project_verifies_real_review_and_evidence_files" time="0.015" /><testcase classname="tests.test_project_continuation_authorization" name="test_project_exact_scope_rejects_even_rebound_integrity[cross_run]" time="0.005" /><testcase classname="tests.test_project_continuation_authorization" name="test_project_exact_scope_rejects_even_rebound_integrity[domain]" time="0.006" /><testcase classname="tests.test_project_continuation_authorization" name="test_project_exact_scope_rejects_even_rebound_integrity[fixture_root]" time="0.004" /><testcase classname="tests.test_project_continuation_authorization" name="test_project_exact_scope_rejects_even_rebound_integrity[scientific_commit]" time="0.003" /><testcase classname="tests.test_project_continuation_authorization" name="test_project_exact_scope_rejects_even_rebound_integrity[scientific_root]" time="0.002" /><testcase classname="tests.test_project_continuation_authorization" name="test_project_exact_scope_rejects_even_rebound_integrity[holdout]" time="0.002" /><testcase classname="tests.test_project_continuation_authorization" name="test_project_exact_scope_rejects_even_rebound_integrity[recovery]" time="0.003" /><testcase classname="tests.test_project_continuation_authorization" name="test_project_exact_scope_rejects_even_rebound_integrity[prefix_count]" time="0.002" /><testcase classname="tests.test_project_continuation_authorization" name="test_project_exact_scope_rejects_even_rebound_integrity[prefix_kind]" time="0.002" /><testcase classname="tests.test_project_continuation_authorization" name="test_project_exact_scope_rejects_even_rebound_integrity[immutable_missing]" time="0.002" /><testcase classname="tests.test_project_continuation_authorization" name="test_project_exact_scope_rejects_even_rebound_integrity[immutable_extra]" time="0.002" /><testcase classname="tests.test_project_continuation_authorization" name="test_project_exact_scope_rejects_even_rebound_integrity[immutable_changed]" time="0.002" /><testcase classname="tests.test_project_continuation_authorization" name="test_project_exact_scope_rejects_even_rebound_integrity[phase_reorder]" time="0.002" /><testcase classname="tests.test_project_continuation_authorization" name="test_project_exact_scope_rejects_even_rebound_integrity[unknown_phase]" time="0.002" /><testcase classname="tests.test_project_continuation_authorization" name="test_project_exact_scope_rejects_even_rebound_integrity[revocation]" time="0.002" /><testcase classname="tests.test_project_continuation_authorization" name="test_project_exact_scope_rejects_even_rebound_integrity[late_expiry]" time="0.002" /><testcase classname="tests.test_project_continuation_authorization" name="test_project_exact_scope_rejects_even_rebound_integrity[early_expiry]" time="0.002" /><testcase classname="tests.test_project_continuation_authorization" name="test_project_time_limits[expired]" time="0.002" /><testcase classname="tests.test_project_continuation_authorization" name="test_project_time_limits[future]" time="0.002" /><testcase classname="tests.test_project_continuation_authorization" name="test_project_time_limits[predated]" time="0.002" /><testcase classname="tests.test_project_continuation_authorization" name="test_project_time_limits[naive_now]" time="0.003" /><testcase classname="tests.test_project_continuation_authorization" name="test_owner_stop_marker_always_cancels[file]" time="0.002" /><testcase classname="tests.test_project_continuation_authorization" name="test_owner_stop_marker_always_cancels[directory]" time="0.002" /><testcase classname="tests.test_project_continuation_authorization" name="test_owner_stop_marker_always_cancels[dangling_symlink]" time="0.002" /><testcase classname="tests.test_project_continuation_authorization" name="test_project_review_file_and_content_fail_closed[review_missing]" time="0.002" /><testcase classname="tests.test_project_continuation_authorization" name="test_project_review_file_and_content_fail_closed[review_hash]" time="0.002" /><testcase classname="tests.test_project_continuation_authorization" name="test_project_review_file_and_content_fail_closed[review_size]" time="0.002" /><testcase classname="tests.test_project_continuation_authorization" name="test_project_review_file_and_content_fail_closed[review_tampered]" time="0.002" /><testcase classname="tests.test_project_continuation_authorization" name="test_project_review_file_and_content_fail_closed[evidence_missing]" time="0.002" /><testcase classname="tests.test_project_continuation_authorization" name="test_project_review_file_and_content_fail_closed[evidence_hash]" time="0.002" /><testcase classname="tests.test_project_continuation_authorization" name="test_project_review_file_and_content_fail_closed[evidence_tampered]" time="0.002" /><testcase classname="tests.test_project_continuation_authorization" name="test_project_review_file_and_content_fail_closed[evidence_empty]" time="0.002" /><testcase classname="tests.test_project_continuation_authorization" name="test_project_review_file_and_content_fail_closed[review_nonindependent]" time="0.002" /><testcase classname="tests.test_project_continuation_authorization" name="test_project_review_file_and_content_fail_closed[review_no_reviewer]" time="0.003" /><testcase classname="tests.test_project_continuation_authorization" name="test_project_review_file_and_content_fail_closed[review_not_pass]" time="0.002" /><testcase classname="tests.test_project_continuation_authorization" name="test_project_review_file_and_content_fail_closed[review_binding]" time="0.002" /><testcase classname="tests.test_project_continuation_authorization" name="test_project_review_file_and_content_fail_closed[review_decision]" time="0.002" /><testcase classname="tests.test_project_continuation_authorization" name="test_project_review_file_and_content_fail_closed[review_future]" time="0.002" /><testcase classname="tests.test_project_continuation_authorization" name="test_project_review_file_and_content_fail_closed[review_extra]" time="0.002" /><testcase classname="tests.test_project_continuation_authorization" name="test_project_review_file_and_content_fail_closed[check_missing]" time="0.003" /><testcase classname="tests.test_project_continuation_authorization" name="test_project_review_file_and_content_fail_closed[check_false]" time="0.002" /><testcase classname="tests.test_project_continuation_authorization" name="test_project_review_file_and_content_fail_closed[grant_extra]" time="0.002" /><testcase classname="tests.test_project_continuation_authorization" name="test_project_review_file_and_content_fail_closed[grant_decision]" time="0.002" /><testcase classname="tests.test_project_continuation_authorization" name="test_project_review_file_and_content_fail_closed[grant_executor]" time="0.002" /><testcase classname="tests.test_project_continuation_authorization" name="test_project_review_file_and_content_fail_closed[grant_contract]" time="0.002" /><testcase classname="tests.test_project_continuation_authorization" name="test_project_review_file_and_content_fail_closed[grant_stop]" time="0.002" /><testcase classname="tests.test_project_continuation_authorization" name="test_public_main_project_qualification_and_execution[qualification]" time="0.004" /><testcase classname="tests.test_project_continuation_authorization" name="test_public_main_project_qualification_and_execution[execute]" time="0.005" /><testcase classname="tests.test_project_continuation_authorization" name="test_public_main_rejects_before_science_or_execution[executor_file_hash]" time="0.003" /><testcase classname="tests.test_project_continuation_authorization" name="test_public_main_rejects_before_science_or_execution[proposal_byte_hash]" time="0.002" /><testcase classname="tests.test_project_continuation_authorization" name="test_public_main_rejects_before_science_or_execution[missing_review]" time="0.004" /><testcase classname="tests.test_project_continuation_authorization" name="test_public_main_rejects_before_science_or_execution[finalize]" time="0.005" /><testcase classname="tests.test_project_continuation_authorization" name="test_public_project_cannot_mix_crypto_or_test_binding[signature]" time="0.002" /><testcase classname="tests.test_project_continuation_authorization" name="test_public_project_cannot_mix_crypto_or_test_binding[startup_binding]" time="0.002" /><testcase classname="tests.test_project_continuation_authorization" name="test_public_project_rejects_unapproved_phase_before_read[holdout]" time="0.002" /><testcase classname="tests.test_project_continuation_authorization" name="test_public_project_rejects_unapproved_phase_before_read[train]" time="0.002" /><testcase classname="tests.test_project_continuation_authorization" name="test_public_project_rejects_unapproved_phase_before_read[dev_select]" time="0.002" /><testcase classname="tests.test_project_continuation_authorization" name="test_public_project_rejects_unapproved_phase_before_read[checkpoint_freeze]" time="0.002" /><testcase classname="tests.test_project_continuation_authorization" name="test_public_project_rejects_unapproved_phase_before_read[unknown]" time="0.002" /><testcase classname="tests.test_project_continuation_authorization" name="test_public_execute_refuses_cold_phase_recovery[running]" time="0.004" /><testcase classname="tests.test_project_continuation_authorization" name="test_public_execute_refuses_cold_phase_recovery[completion_candidate]" time="0.005" /><testcase classname="tests.test_project_continuation_authorization" name="test_public_execute_refuses_cold_phase_recovery[failed]" time="0.004" /><testcase classname="tests.test_project_continuation_authorization" name="test_public_execute_requires_next_unstarted_phase[already_completed]" time="0.004" /><testcase classname="tests.test_project_continuation_authorization" name="test_public_execute_requires_next_unstarted_phase[all_completed]" time="0.004" /><testcase classname="tests.test_project_continuation_authorization" name="test_public_execute_requires_next_unstarted_phase[skip_first]" time="0.004" /><testcase classname="tests.test_project_continuation_authorization" name="test_public_execute_requires_next_unstarted_phase[skip_next]" time="0.004" /><testcase classname="tests.test_project_continuation_authorization" name="test_public_execute_advances_after_latest_completed_terminal" time="0.005" /><testcase classname="tests.test_project_continuation_authorization" name="test_public_execute_rechecks_grant_and_stop_after_qualification[grant]" time="0.004" /><testcase classname="tests.test_project_continuation_authorization" name="test_public_execute_rechecks_grant_and_stop_after_qualification[stop]" time="0.005" /></testsuite></testsuites>