<?xml version="1.0" encoding="utf-8"?><testsuites name="pytest tests"><testsuite name="pytest" errors="0" failures="0" skipped="0" tests="174" time="184.339" timestamp="2026-09-09T18:52:01.227908+08:00" hostname="feiwendeMacBook-Air.local"><testcase classname="tests.test_continuation_startup_handoff" name="test_same_context_wait_qualification_execute_and_public_custody" time="0.032" /><testcase classname="tests.test_continuation_startup_handoff" name="test_missing_receipt_times_out_without_continuity_write" time="0.059" /><testcase classname="tests.test_continuation_startup_handoff" name="test_one_new_invalid_receipt_rejects_without_retry_or_new_context[schema]" time="0.009" /><testcase classname="tests.test_continuation_startup_handoff" name="test_one_new_invalid_receipt_rejects_without_retry_or_new_context[signature]" time="0.007" /><testcase classname="tests.test_continuation_startup_handoff" name="test_one_new_invalid_receipt_rejects_without_retry_or_new_context[authority]" time="0.006" /><testcase classname="tests.test_continuation_startup_handoff" name="test_one_new_invalid_receipt_rejects_without_retry_or_new_context[expired]" time="0.006" /><testcase classname="tests.test_continuation_startup_handoff" name="test_one_new_invalid_receipt_rejects_without_retry_or_new_context[nonce]" time="0.006" /><testcase classname="tests.test_continuation_startup_handoff" name="test_one_new_invalid_receipt_rejects_without_retry_or_new_context[pid]" time="0.006" /><testcase classname="tests.test_continuation_startup_handoff" name="test_one_new_invalid_receipt_rejects_without_retry_or_new_context[checkpoint]" time="0.006" /><testcase classname="tests.test_continuation_startup_handoff" name="test_fixed_startup_lock_is_noncreating_noninterfering" time="0.005" /><testcase classname="tests.test_continuation_startup_handoff" name="test_custodian_does_not_promote_host_report_or_rollback[host_hash]" time="0.006" /><testcase classname="tests.test_continuation_startup_handoff" name="test_custodian_does_not_promote_host_report_or_rollback[challenge]" time="0.006" /><testcase classname="tests.test_continuation_startup_handoff" name="test_custodian_does_not_promote_host_report_or_rollback[local_state]" time="0.007" /><testcase classname="tests.test_continuation_startup_handoff" name="test_custodian_does_not_promote_host_report_or_rollback[previous_state]" time="0.006" /><testcase classname="tests.test_continuation_production_trust" name="test_valid_shared_original_certificates" time="0.005" /><testcase classname="tests.test_continuation_production_trust" name="test_certification_negative[signature]" time="0.003" /><testcase classname="tests.test_continuation_production_trust" name="test_certification_negative[record_signature]" time="0.004" /><testcase classname="tests.test_continuation_production_trust" name="test_certification_negative[record_tamper]" time="0.004" /><testcase classname="tests.test_continuation_production_trust" name="test_certification_negative[original_tamper]" time="0.003" /><testcase classname="tests.test_continuation_production_trust" name="test_certification_negative[author]" time="0.003" /><testcase classname="tests.test_continuation_production_trust" name="test_certification_negative[run]" time="0.003" /><testcase classname="tests.test_continuation_production_trust" name="test_certification_negative[commit]" time="0.003" /><testcase classname="tests.test_continuation_production_trust" name="test_certification_negative[release]" time="0.003" /><testcase classname="tests.test_continuation_production_trust" name="test_certification_negative[scope]" time="0.003" /><testcase classname="tests.test_continuation_production_trust" name="test_certification_negative[coverage]" time="0.003" /><testcase classname="tests.test_continuation_production_trust" name="test_certification_negative[verifier]" time="0.004" /><testcase classname="tests.test_continuation_production_trust" name="test_certification_negative[time]" time="0.004" /><testcase classname="tests.test_continuation_production_trust" name="test_certification_negative[missing_original]" time="0.003" /><testcase classname="tests.test_continuation_production_trust" name="test_certification_negative[fake_state_hash]" time="0.003" /><testcase classname="tests.test_continuation_production_trust" name="test_revocation_fail_closed[missing]" time="0.004" /><testcase classname="tests.test_continuation_production_trust" name="test_revocation_fail_closed[unreadable]" time="0.004" /><testcase classname="tests.test_continuation_production_trust" name="test_revocation_fail_closed[signature]" time="0.004" /><testcase classname="tests.test_continuation_production_trust" name="test_revocation_fail_closed[authority]" time="0.004" /><testcase classname="tests.test_continuation_production_trust" name="test_revocation_fail_closed[source]" time="0.005" /><testcase classname="tests.test_continuation_production_trust" name="test_revocation_fail_closed[scope]" time="0.004" /><testcase classname="tests.test_continuation_production_trust" name="test_revocation_fail_closed[expired]" time="0.005" /><testcase classname="tests.test_continuation_production_trust" name="test_revocation_fail_closed[stale]" time="0.004" /><testcase classname="tests.test_continuation_production_trust" name="test_revocation_fail_closed[future]" time="0.004" /><testcase classname="tests.test_continuation_production_trust" name="test_revocation_fail_closed[negative_sequence]" time="0.004" /><testcase classname="tests.test_continuation_production_trust" name="test_revocation_fail_closed[bool_sequence]" time="0.004" /><testcase classname="tests.test_continuation_production_trust" name="test_revocation_fail_closed[revoked]" time="0.005" /><testcase classname="tests.test_continuation_production_trust" name="test_revocation_fail_closed[signer]" time="0.005" /><testcase classname="tests.test_continuation_production_trust" name="test_revocation_fail_closed[verifier]" time="0.005" /><testcase classname="tests.test_continuation_production_trust" name="test_revoked_state_cannot_roll_back_to_allowed" time="0.009" /><testcase classname="tests.test_continuation_production_trust" name="test_same_sequence_equivocation" time="0.006" /><testcase classname="tests.test_continuation_production_trust" name="test_restart_requires_external_checkpoint" time="0.009" /><testcase classname="tests.test_continuation_production_trust" name="test_continuity_and_clock_fail_closed[missing]" time="0.006" /><testcase classname="tests.test_continuation_production_trust" name="test_continuity_and_clock_fail_closed[reset]" time="0.007" /><testcase classname="tests.test_continuation_production_trust" name="test_continuity_and_clock_fail_closed[clock_backward]" time="0.005" /><testcase classname="tests.test_continuation_production_trust" name="test_continuity_and_clock_fail_closed[clock_forward]" time="0.005" /><testcase classname="tests.test_continuation_production_trust" name="test_continuity_and_clock_fail_closed[lock_missing]" time="0.006" /><testcase classname="tests.test_continuation_production_trust" name="test_scope_cannot_become_real_capability" time="0.003" /><testcase classname="tests.test_continuation_production_trust" name="test_signed_revocation_at_lock_boundaries[before_lock]" time="0.005" /><testcase classname="tests.test_continuation_production_trust" name="test_signed_revocation_at_lock_boundaries[after_lock]" time="0.007" /><testcase classname="tests.test_continuation_production_trust" name="test_quiescence_original_certification[valid]" time="0.006" /><testcase classname="tests.test_continuation_production_trust" name="test_quiescence_original_certification[owner_tamper]" time="0.005" /><testcase classname="tests.test_continuation_production_trust" name="test_quiescence_original_certification[certificate_tamper]" time="0.004" /><testcase classname="tests.test_continuation_production_trust" name="test_quiescence_original_certification[namespace_missing]" time="0.004" /><testcase classname="tests.test_continuation_production_trust" name="test_quiescence_original_certification[false_quiescence]" time="0.004" /><testcase classname="tests.test_continuation_production_trust" name="test_public_cli_refuses_test_trust[qualification-synthetic]" time="0.036" /><testcase classname="tests.test_continuation_production_trust" name="test_public_cli_refuses_test_trust[qualification-production]" time="0.035" /><testcase classname="tests.test_continuation_production_trust" name="test_public_cli_refuses_test_trust[execute-synthetic]" time="0.036" /><testcase classname="tests.test_continuation_production_trust" name="test_public_cli_refuses_test_trust[execute-production]" time="0.036" /><testcase classname="tests.test_continuation_production_trust" name="test_v2_native_transactions_and_restart[exit75]" time="8.065" /><testcase classname="tests.test_continuation_production_trust" name="test_v2_native_transactions_and_restart[terminal]" time="2.960" /><testcase classname="tests.test_continuation_production_trust" name="test_v2_native_transactions_and_restart[missing]" time="2.960" /><testcase classname="tests.test_continuation_production_trust" name="test_v2_native_transactions_and_restart[corrupt]" time="2.956" /><testcase classname="tests.test_continuation_production_trust" name="test_v2_native_transactions_and_restart[descriptor]" time="4.811" /><testcase classname="tests.test_continuation_production_trust" name="test_v2_native_transactions_and_restart[provenance]" time="4.721" /><testcase classname="tests.test_continuation_production_trust" name="test_v2_native_transactions_and_restart[publication_crash]" time="6.802" /><testcase classname="tests.test_continuation_production_trust" name="test_v2_native_transactions_and_restart[candidate_crash]" time="6.784" /><testcase classname="tests.test_continuation_production_trust" name="test_v2_native_transactions_and_restart[duplicate_committed]" time="6.751" /><testcase classname="tests.test_continuation_production_trust" name="test_v2_native_transactions_and_restart[gate_missing]" time="6.800" /><testcase classname="tests.test_continuation_production_trust" name="test_v2_native_transactions_and_restart[gate_false]" time="6.857" /><testcase classname="tests.test_continuation_production_trust" name="test_v2_native_transactions_and_restart[revoke_during_phase]" time="2.895" /><testcase classname="tests.test_continuation_production_trust" name="test_v2_native_transactions_and_restart[revoke_retry]" time="3.695" /><testcase classname="tests.test_continuation_production_trust" name="test_v2_native_transactions_and_restart[candidate_crash_revoked]" time="2.867" /><testcase classname="tests.test_continuation_production_trust" name="test_v2_native_transactions_and_restart[expire_during_phase]" time="2.890" /><testcase classname="tests.test_continuation_production_trust" name="test_v2_native_transactions_and_restart[utc_adjustment]" time="6.877" /><testcase classname="tests.test_continuation_production_trust" name="test_v2_native_transactions_and_restart[truncation]" time="2.088" /><testcase classname="tests.test_continuation_production_trust" name="test_v2_native_transactions_and_restart[fork]" time="2.044" /><testcase classname="tests.test_continuation_production_trust" name="test_v2_native_transactions_and_restart[out_of_order]" time="2.032" /><testcase classname="tests.test_continuation_production_trust" name="test_v2_native_transactions_and_restart[cross_ledger]" time="2.047" /><testcase classname="tests.test_continuation_production_trust" name="test_v2_native_transactions_and_restart[immutable_payload]" time="2.075" /><testcase classname="tests.test_continuation_production_trust" name="test_installation_boundary[installation_record]" time="0.007" /><testcase classname="tests.test_continuation_production_trust" name="test_installation_boundary[state_symlink]" time="0.005" /><testcase classname="tests.test_continuation_production_trust" name="test_installation_boundary[source_symlink]" time="0.004" /><testcase classname="tests.test_continuation_production_trust" name="test_installation_boundary[startup_missing]" time="0.005" /><testcase classname="tests.test_continuation_production_trust" name="test_installation_boundary[wrong_pin]" time="0.004" /><testcase classname="tests.test_continuation_production_trust" name="test_higher_sequence_cannot_erase_known_revocation[revoked_ids-test-approval]" time="0.008" /><testcase classname="tests.test_continuation_production_trust" name="test_higher_sequence_cannot_erase_known_revocation[untrusted_signers-approver]" time="0.008" /><testcase classname="tests.test_continuation_production_trust" name="test_higher_sequence_cannot_erase_known_revocation[untrusted_signers-revoker]" time="0.008" /><testcase classname="tests.test_continuation_production_trust" name="test_startup_challenge_blocks_replayed_checkpoint[rollback_to_bootstrap]" time="0.010" /><testcase classname="tests.test_continuation_production_trust" name="test_startup_challenge_blocks_replayed_checkpoint[old_receipt]" time="0.009" /><testcase classname="tests.test_continuation_production_trust" name="test_startup_challenge_blocks_replayed_checkpoint[bad_signature]" time="0.009" /><testcase classname="tests.test_continuation_production_trust" name="test_startup_challenge_blocks_replayed_checkpoint[stale_receipt]" time="0.009" /><testcase classname="tests.test_continuation_production_trust" name="test_fresh_custodian_receipt_detects_local_bootstrap_rollback" time="0.009" /><testcase classname="tests.test_continuation_production_trust" name="test_missing_startup_receipt_never_bootstraps" time="0.005" /><testcase classname="tests.test_continuation_production_trust" name="test_signed_approval_requires_revokeable_identifier[None]" time="0.003" /><testcase classname="tests.test_continuation_production_trust" name="test_signed_approval_requires_revokeable_identifier[]" time="0.003" /><testcase classname="tests.test_continuation_production_trust" name="test_signed_approval_requires_revokeable_identifier[   ]" time="0.003" /><testcase classname="tests.test_continuation_production_trust" name="test_signed_approval_requires_revokeable_identifier[3]" time="0.003" /><testcase classname="tests.test_continuation_production_trust" name="test_signed_approval_requires_revokeable_identifier[False]" time="0.003" /><testcase classname="tests.test_continuation_executor_boundaries" name="test_fixture_scope_signature_and_distinct_evidence" time="0.001" /><testcase classname="tests.test_continuation_executor_boundaries" name="test_test_authority_cannot_escape[scope]" time="0.000" /><testcase classname="tests.test_continuation_executor_boundaries" name="test_test_authority_cannot_escape[expiry]" time="0.001" /><testcase classname="tests.test_continuation_executor_boundaries" name="test_test_authority_cannot_escape[revoked]" time="0.001" /><testcase classname="tests.test_continuation_executor_boundaries" name="test_test_authority_cannot_escape[cross_root]" time="0.001" /><testcase classname="tests.test_continuation_executor_boundaries" name="test_test_authority_cannot_escape[signature]" time="0.001" /><testcase classname="tests.test_continuation_executor_boundaries" name="test_test_authority_cannot_escape[production]" time="0.001" /><testcase classname="tests.test_continuation_executor_boundaries" name="test_public_cli_phase_rejects_before_paths_exist[train]" time="0.032" /><testcase classname="tests.test_continuation_executor_boundaries" name="test_public_cli_phase_rejects_before_paths_exist[dev_select]" time="0.032" /><testcase classname="tests.test_continuation_executor_boundaries" name="test_public_cli_phase_rejects_before_paths_exist[checkpoint_freeze]" time="0.032" /><testcase classname="tests.test_continuation_executor_boundaries" name="test_public_cli_phase_rejects_before_paths_exist[holdout]" time="0.047" /><testcase classname="tests.test_continuation_executor_boundaries" name="test_public_cli_phase_rejects_before_paths_exist[unknown]" time="0.050" /><testcase classname="tests.test_continuation_executor_boundaries" name="test_public_cli_no_approval_no_writes[formal_cache_policy-qualification]" time="0.038" /><testcase classname="tests.test_continuation_executor_boundaries" name="test_public_cli_no_approval_no_writes[formal_cache_policy-execute]" time="0.033" /><testcase classname="tests.test_continuation_executor_boundaries" name="test_public_cli_no_approval_no_writes[formal_controller-qualification]" time="0.032" /><testcase classname="tests.test_continuation_executor_boundaries" name="test_public_cli_no_approval_no_writes[formal_controller-execute]" time="0.033" /><testcase classname="tests.test_continuation_executor_boundaries" name="test_public_cli_no_approval_no_writes[formal_ablation-qualification]" time="0.034" /><testcase classname="tests.test_continuation_executor_boundaries" name="test_public_cli_no_approval_no_writes[formal_ablation-execute]" time="0.033" /><testcase classname="tests.test_continuation_executor_boundaries" name="test_public_cli_no_approval_no_writes[formal_support-qualification]" time="0.032" /><testcase classname="tests.test_continuation_executor_boundaries" name="test_public_cli_no_approval_no_writes[formal_support-execute]" time="0.033" /><testcase classname="tests.test_continuation_executor_boundaries" name="test_public_cli_no_approval_no_writes[formal_scalability-qualification]" time="0.033" /><testcase classname="tests.test_continuation_executor_boundaries" name="test_public_cli_no_approval_no_writes[formal_scalability-execute]" time="0.033" /><testcase classname="tests.test_continuation_executor_boundaries" name="test_public_cli_no_approval_no_writes[formal_statistics-qualification]" time="0.033" /><testcase classname="tests.test_continuation_executor_boundaries" name="test_public_cli_no_approval_no_writes[formal_statistics-execute]" time="0.032" /><testcase classname="tests.test_continuation_executor_boundaries" name="test_public_cli_no_approval_no_writes[formal_gate-qualification]" time="0.032" /><testcase classname="tests.test_continuation_executor_boundaries" name="test_public_cli_no_approval_no_writes[formal_gate-execute]" time="0.032" /><testcase classname="tests.test_continuation_executor_boundaries" name="test_public_cli_no_approval_no_writes[complete_without_holdout-qualification]" time="0.033" /><testcase classname="tests.test_continuation_executor_boundaries" name="test_public_cli_no_approval_no_writes[complete_without_holdout-execute]" time="0.033" /><testcase classname="tests.test_continuation_executor_boundaries" name="test_recursive_input_refusal[symlink]" time="0.001" /><testcase classname="tests.test_continuation_executor_boundaries" name="test_recursive_input_refusal[escape]" time="0.001" /><testcase classname="tests.test_continuation_executor_boundaries" name="test_recursive_input_refusal[real_resource]" time="0.001" /><testcase classname="tests.test_continuation_executor_boundaries" name="test_recursive_input_refusal[nested_argv]" time="0.001" /><testcase classname="tests.test_continuation_executor_boundaries" name="test_recursive_input_refusal[uri]" time="0.001" /><testcase classname="tests.test_continuation_executor_boundaries" name="test_lock_refusal_is_before_file_creation" time="0.001" /><testcase classname="tests.test_continuation_executor_boundaries" name="test_lock_competition_and_repeated_start" time="0.006" /><testcase classname="tests.test_continuation_executor_boundaries" name="test_crash_record_cannot_be_blindly_reclaimed" time="0.007" /><testcase classname="tests.test_continuation_executor_boundaries" name="test_planner_projections_equal_frozen_original_main_expressions" time="0.798" /><testcase classname="tests.test_continuation_executor_boundaries" name="test_real_process_crash_requires_approved_recovery" time="0.042" /><testcase classname="tests.test_continuation_executor_boundaries" name="test_five_cells_use_old_native_transactions" time="6.858" /><testcase classname="tests.test_continuation_executor_boundaries" name="test_old_science_loader_rejects_process_pollution[pythonpath]" time="0.093" /><testcase classname="tests.test_continuation_executor_boundaries" name="test_old_science_loader_rejects_process_pollution[cwd]" time="0.094" /><testcase classname="tests.test_continuation_executor_boundaries" name="test_old_science_loader_rejects_process_pollution[shadow]" time="0.094" /><testcase classname="tests.test_continuation_executor_boundaries" name="test_two_real_processes_only_one_writer" time="0.062" /><testcase classname="tests.test_continuation_executor_boundaries" name="test_native_faults_and_restarts[exit75]" time="7.801" /><testcase classname="tests.test_continuation_executor_boundaries" name="test_native_faults_and_restarts[terminal]" time="3.029" /><testcase classname="tests.test_continuation_executor_boundaries" name="test_native_faults_and_restarts[missing]" time="3.037" /><testcase classname="tests.test_continuation_executor_boundaries" name="test_native_faults_and_restarts[corrupt]" time="3.035" /><testcase classname="tests.test_continuation_executor_boundaries" name="test_native_faults_and_restarts[descriptor]" time="4.898" /><testcase classname="tests.test_continuation_executor_boundaries" name="test_native_faults_and_restarts[provenance]" time="4.951" /><testcase classname="tests.test_continuation_executor_boundaries" name="test_native_faults_and_restarts[publication_crash]" time="7.070" /><testcase classname="tests.test_continuation_executor_boundaries" name="test_native_faults_and_restarts[candidate_crash]" time="6.768" /><testcase classname="tests.test_continuation_executor_boundaries" name="test_native_faults_and_restarts[duplicate_committed]" time="6.655" /><testcase classname="tests.test_continuation_executor_boundaries" name="test_native_faults_and_restarts[gate_missing]" time="6.759" /><testcase classname="tests.test_continuation_executor_boundaries" name="test_native_faults_and_restarts[gate_false]" time="6.715" /><testcase classname="tests.test_continuation_executor_boundaries" name="test_native_faults_and_restarts[revoke_during_phase]" time="2.845" /><testcase classname="tests.test_continuation_executor_boundaries" name="test_native_faults_and_restarts[expire_during_phase]" time="2.854" /><testcase classname="tests.test_continuation_executor_boundaries" name="test_native_faults_and_restarts[utc_adjustment]" time="6.703" /><testcase classname="tests.test_continuation_executor_boundaries" name="test_native_progress_corruption_rejects_before_write[truncation]" time="2.124" /><testcase classname="tests.test_continuation_executor_boundaries" name="test_native_progress_corruption_rejects_before_write[fork]" time="2.088" /><testcase classname="tests.test_continuation_executor_boundaries" name="test_native_progress_corruption_rejects_before_write[out_of_order]" time="2.106" /><testcase classname="tests.test_continuation_executor_boundaries" name="test_native_progress_corruption_rejects_before_write[cross_ledger]" time="2.122" /><testcase classname="tests.test_continuation_executor_boundaries" name="test_native_progress_corruption_rejects_before_write[immutable_payload]" time="2.124" /><testcase classname="tests.test_continuation_executor_boundaries" name="test_actual_cli_identity_drift_has_no_fixture_writes[execute_fixed_commit_continuation.py]" time="0.048" /><testcase classname="tests.test_continuation_executor_boundaries" name="test_actual_cli_identity_drift_has_no_fixture_writes[run_fixed_commit_continuation_acceptance.py]" time="0.040" /><testcase classname="tests.test_continuation_executor_boundaries" name="test_actual_foreign_interpreter_rejected_before_scientific_imports" time="0.123" /><testcase classname="tests.test_continuation_executor_boundaries" name="test_actual_external_import_pollution_rejected[external_src]" time="0.094" /><testcase classname="tests.test_continuation_executor_boundaries" name="test_actual_external_import_pollution_rejected[critical_package]" time="0.850" /><testcase classname="tests.test_continuation_executor_boundaries" name="test_serialized_fixture_authorization_roundtrip[none]" time="0.003" /><testcase classname="tests.test_continuation_executor_boundaries" name="test_serialized_fixture_authorization_roundtrip[proposal_bytes]" time="0.002" /><testcase classname="tests.test_continuation_executor_boundaries" name="test_serialized_fixture_authorization_roundtrip[command_plan]" time="0.002" /><testcase classname="tests.test_continuation_executor_boundaries" name="test_serialized_fixture_authorization_roundtrip[approval_signature]" time="0.002" /></testsuite></testsuites>