<?xml version="1.0" encoding="utf-8"?><testsuites name="pytest tests"><testsuite name="pytest" errors="0" failures="0" skipped="0" tests="71" time="131.606" timestamp="2026-09-09T10:35:42.187944+08:00" hostname="feiwendeMacBook-Air.local"><testcase classname="tests.test_continuation_executor_boundaries" name="test_fixture_scope_signature_and_distinct_evidence" time="0.003" /><testcase classname="tests.test_continuation_executor_boundaries" name="test_test_authority_cannot_escape[scope]" time="0.001" /><testcase classname="tests.test_continuation_executor_boundaries" name="test_test_authority_cannot_escape[expiry]" time="0.001" /><testcase classname="tests.test_continuation_executor_boundaries" name="test_test_authority_cannot_escape[revoked]" time="0.001" /><testcase classname="tests.test_continuation_executor_boundaries" name="test_test_authority_cannot_escape[cross_root]" time="0.001" /><testcase classname="tests.test_continuation_executor_boundaries" name="test_test_authority_cannot_escape[signature]" time="0.001" /><testcase classname="tests.test_continuation_executor_boundaries" name="test_test_authority_cannot_escape[production]" time="0.001" /><testcase classname="tests.test_continuation_executor_boundaries" name="test_public_cli_phase_rejects_before_paths_exist[train]" time="0.033" /><testcase classname="tests.test_continuation_executor_boundaries" name="test_public_cli_phase_rejects_before_paths_exist[dev_select]" time="0.034" /><testcase classname="tests.test_continuation_executor_boundaries" name="test_public_cli_phase_rejects_before_paths_exist[checkpoint_freeze]" time="0.033" /><testcase classname="tests.test_continuation_executor_boundaries" name="test_public_cli_phase_rejects_before_paths_exist[holdout]" time="0.033" /><testcase classname="tests.test_continuation_executor_boundaries" name="test_public_cli_phase_rejects_before_paths_exist[unknown]" time="0.033" /><testcase classname="tests.test_continuation_executor_boundaries" name="test_public_cli_no_approval_no_writes[formal_cache_policy-qualification]" time="0.034" /><testcase classname="tests.test_continuation_executor_boundaries" name="test_public_cli_no_approval_no_writes[formal_cache_policy-execute]" time="0.034" /><testcase classname="tests.test_continuation_executor_boundaries" name="test_public_cli_no_approval_no_writes[formal_controller-qualification]" time="0.033" /><testcase classname="tests.test_continuation_executor_boundaries" name="test_public_cli_no_approval_no_writes[formal_controller-execute]" time="0.034" /><testcase classname="tests.test_continuation_executor_boundaries" name="test_public_cli_no_approval_no_writes[formal_ablation-qualification]" time="0.033" /><testcase classname="tests.test_continuation_executor_boundaries" name="test_public_cli_no_approval_no_writes[formal_ablation-execute]" time="0.034" /><testcase classname="tests.test_continuation_executor_boundaries" name="test_public_cli_no_approval_no_writes[formal_support-qualification]" time="0.034" /><testcase classname="tests.test_continuation_executor_boundaries" name="test_public_cli_no_approval_no_writes[formal_support-execute]" time="0.035" /><testcase classname="tests.test_continuation_executor_boundaries" name="test_public_cli_no_approval_no_writes[formal_scalability-qualification]" time="0.034" /><testcase classname="tests.test_continuation_executor_boundaries" name="test_public_cli_no_approval_no_writes[formal_scalability-execute]" time="0.034" /><testcase classname="tests.test_continuation_executor_boundaries" name="test_public_cli_no_approval_no_writes[formal_statistics-qualification]" time="0.034" /><testcase classname="tests.test_continuation_executor_boundaries" name="test_public_cli_no_approval_no_writes[formal_statistics-execute]" time="0.035" /><testcase classname="tests.test_continuation_executor_boundaries" name="test_public_cli_no_approval_no_writes[formal_gate-qualification]" time="0.034" /><testcase classname="tests.test_continuation_executor_boundaries" name="test_public_cli_no_approval_no_writes[formal_gate-execute]" time="0.035" /><testcase classname="tests.test_continuation_executor_boundaries" name="test_public_cli_no_approval_no_writes[complete_without_holdout-qualification]" time="0.035" /><testcase classname="tests.test_continuation_executor_boundaries" name="test_public_cli_no_approval_no_writes[complete_without_holdout-execute]" time="0.035" /><testcase classname="tests.test_continuation_executor_boundaries" name="test_recursive_input_refusal[symlink]" time="0.001" /><testcase classname="tests.test_continuation_executor_boundaries" name="test_recursive_input_refusal[escape]" time="0.001" /><testcase classname="tests.test_continuation_executor_boundaries" name="test_recursive_input_refusal[real_resource]" time="0.001" /><testcase classname="tests.test_continuation_executor_boundaries" name="test_recursive_input_refusal[nested_argv]" time="0.001" /><testcase classname="tests.test_continuation_executor_boundaries" name="test_recursive_input_refusal[uri]" time="0.001" /><testcase classname="tests.test_continuation_executor_boundaries" name="test_lock_refusal_is_before_file_creation" time="0.001" /><testcase classname="tests.test_continuation_executor_boundaries" name="test_lock_competition_and_repeated_start" time="0.009" /><testcase classname="tests.test_continuation_executor_boundaries" name="test_crash_record_cannot_be_blindly_reclaimed" time="0.008" /><testcase classname="tests.test_continuation_executor_boundaries" name="test_planner_projections_equal_frozen_original_main_expressions" time="0.916" /><testcase classname="tests.test_continuation_executor_boundaries" name="test_real_process_crash_requires_approved_recovery" time="0.051" /><testcase classname="tests.test_continuation_executor_boundaries" name="test_five_cells_use_old_native_transactions" time="9.209" /><testcase classname="tests.test_continuation_executor_boundaries" name="test_old_science_loader_rejects_process_pollution[pythonpath]" time="0.121" /><testcase classname="tests.test_continuation_executor_boundaries" name="test_old_science_loader_rejects_process_pollution[cwd]" time="0.120" /><testcase classname="tests.test_continuation_executor_boundaries" name="test_old_science_loader_rejects_process_pollution[shadow]" time="0.123" /><testcase classname="tests.test_continuation_executor_boundaries" name="test_two_real_processes_only_one_writer" time="0.074" /><testcase classname="tests.test_continuation_executor_boundaries" name="test_native_faults_and_restarts[exit75]" time="10.654" /><testcase classname="tests.test_continuation_executor_boundaries" name="test_native_faults_and_restarts[terminal]" time="3.916" /><testcase classname="tests.test_continuation_executor_boundaries" name="test_native_faults_and_restarts[missing]" time="3.876" /><testcase classname="tests.test_continuation_executor_boundaries" name="test_native_faults_and_restarts[corrupt]" time="3.899" /><testcase classname="tests.test_continuation_executor_boundaries" name="test_native_faults_and_restarts[descriptor]" time="6.242" /><testcase classname="tests.test_continuation_executor_boundaries" name="test_native_faults_and_restarts[provenance]" time="6.289" /><testcase classname="tests.test_continuation_executor_boundaries" name="test_native_faults_and_restarts[publication_crash]" time="9.097" /><testcase classname="tests.test_continuation_executor_boundaries" name="test_native_faults_and_restarts[candidate_crash]" time="9.139" /><testcase classname="tests.test_continuation_executor_boundaries" name="test_native_faults_and_restarts[duplicate_committed]" time="9.200" /><testcase classname="tests.test_continuation_executor_boundaries" name="test_native_faults_and_restarts[gate_missing]" time="9.882" /><testcase classname="tests.test_continuation_executor_boundaries" name="test_native_faults_and_restarts[gate_false]" time="11.134" /><testcase classname="tests.test_continuation_executor_boundaries" name="test_native_faults_and_restarts[revoke_during_phase]" time="4.361" /><testcase classname="tests.test_continuation_executor_boundaries" name="test_native_faults_and_restarts[expire_during_phase]" time="4.389" /><testcase classname="tests.test_continuation_executor_boundaries" name="test_native_faults_and_restarts[utc_adjustment]" time="10.429" /><testcase classname="tests.test_continuation_executor_boundaries" name="test_native_progress_corruption_rejects_before_write[truncation]" time="3.162" /><testcase classname="tests.test_continuation_executor_boundaries" name="test_native_progress_corruption_rejects_before_write[fork]" time="3.198" /><testcase classname="tests.test_continuation_executor_boundaries" name="test_native_progress_corruption_rejects_before_write[out_of_order]" time="3.179" /><testcase classname="tests.test_continuation_executor_boundaries" name="test_native_progress_corruption_rejects_before_write[cross_ledger]" time="3.203" /><testcase classname="tests.test_continuation_executor_boundaries" name="test_native_progress_corruption_rejects_before_write[immutable_payload]" time="3.199" /><testcase classname="tests.test_continuation_executor_boundaries" name="test_actual_cli_identity_drift_has_no_fixture_writes[execute_fixed_commit_continuation.py]" time="0.057" /><testcase classname="tests.test_continuation_executor_boundaries" name="test_actual_cli_identity_drift_has_no_fixture_writes[run_fixed_commit_continuation_acceptance.py]" time="0.062" /><testcase classname="tests.test_continuation_executor_boundaries" name="test_actual_foreign_interpreter_rejected_before_scientific_imports" time="0.185" /><testcase classname="tests.test_continuation_executor_boundaries" name="test_actual_external_import_pollution_rejected[external_src]" time="0.151" /><testcase classname="tests.test_continuation_executor_boundaries" name="test_actual_external_import_pollution_rejected[critical_package]" time="1.282" /><testcase classname="tests.test_continuation_executor_boundaries" name="test_serialized_fixture_authorization_roundtrip[none]" time="0.003" /><testcase classname="tests.test_continuation_executor_boundaries" name="test_serialized_fixture_authorization_roundtrip[proposal_bytes]" time="0.002" /><testcase classname="tests.test_continuation_executor_boundaries" name="test_serialized_fixture_authorization_roundtrip[command_plan]" time="0.002" /><testcase classname="tests.test_continuation_executor_boundaries" name="test_serialized_fixture_authorization_roundtrip[approval_signature]" time="0.003" /></testsuite></testsuites>